{"/home/sentry0/repos/vmsnap/vmsnap.js": {"path":"/home/sentry0/repos/vmsnap/vmsnap.js","statementMap":{"0":{"start":{"line":39,"column":27},"end":{"line":39,"column":28}},"1":{"start":{"line":43,"column":30},"end":{"line":43,"column":31}},"2":{"start":{"line":46,"column":24},"end":{"line":46,"column":25}},"3":{"start":{"line":50,"column":24},"end":{"line":50,"column":25}},"4":{"start":{"line":54,"column":25},"end":{"line":54,"column":26}},"5":{"start":{"line":57,"column":32},"end":{"line":57,"column":33}},"6":{"start":{"line":60,"column":37},"end":{"line":60,"column":38}},"7":{"start":{"line":63,"column":38},"end":{"line":63,"column":39}},"8":{"start":{"line":66,"column":22},"end":{"line":66,"column":37}},"9":{"start":{"line":69,"column":17},"end":{"line":69,"column":47}},"10":{"start":{"line":72,"column":25},"end":{"line":72,"column":45}},"11":{"start":{"line":75,"column":12},"end":{"line":75,"column":46}},"12":{"start":{"line":78,"column":14},"end":{"line":78,"column":16}},"13":{"start":{"line":81,"column":27},"end":{"line":81,"column":79}},"14":{"start":{"line":81,"column":60},"end":{"line":81,"column":77}},"15":{"start":{"line":84,"column":0},"end":{"line":109,"column":null}},"16":{"start":{"line":86,"column":2},"end":{"line":92,"column":null}},"17":{"start":{"line":94,"column":2},"end":{"line":108,"column":null}},"18":{"start":{"line":112,"column":22},"end":{"line":122,"column":2}},"19":{"start":{"line":125,"column":15},"end":{"line":125,"column":16}},"20":{"start":{"line":128,"column":0},"end":{"line":168,"column":null}},"21":{"start":{"line":129,"column":2},"end":{"line":167,"column":null}},"22":{"start":{"line":130,"column":4},"end":{"line":130,"column":null}},"23":{"start":{"line":132,"column":4},"end":{"line":134,"column":null}},"24":{"start":{"line":133,"column":6},"end":{"line":133,"column":null}},"25":{"start":{"line":136,"column":3},"end":{"line":136,"column":null}},"26":{"start":{"line":138,"column":4},"end":{"line":144,"column":null}},"27":{"start":{"line":139,"column":6},"end":{"line":139,"column":null}},"28":{"start":{"line":140,"column":11},"end":{"line":144,"column":null}},"29":{"start":{"line":141,"column":6},"end":{"line":141,"column":null}},"30":{"start":{"line":143,"column":6},"end":{"line":143,"column":null}},"31":{"start":{"line":146,"column":4},"end":{"line":146,"column":null}},"32":{"start":{"line":148,"column":4},"end":{"line":148,"column":null}},"33":{"start":{"line":150,"column":4},"end":{"line":150,"column":null}},"34":{"start":{"line":152,"column":4},"end":{"line":152,"column":null}},"35":{"start":{"line":154,"column":4},"end":{"line":156,"column":null}},"36":{"start":{"line":155,"column":6},"end":{"line":155,"column":null}},"37":{"start":{"line":158,"column":3},"end":{"line":166,"column":null}},"38":{"start":{"line":159,"column":6},"end":{"line":163,"column":null}},"39":{"start":{"line":160,"column":8},"end":{"line":160,"column":null}},"40":{"start":{"line":162,"column":8},"end":{"line":162,"column":null}},"41":{"start":{"line":165,"column":5},"end":{"line":165,"column":null}}},"fnMap":{"0":{"name":"(anonymous_0)","decl":{"start":{"line":81,"column":50},"end":{"line":81,"column":51}},"loc":{"start":{"line":81,"column":60},"end":{"line":81,"column":77}},"line":81},"1":{"name":"(anonymous_1)","decl":{"start":{"line":128,"column":50},"end":{"line":128,"column":55}},"loc":{"start":{"line":128,"column":62},"end":{"line":168,"column":1}},"line":128},"2":{"name":"(anonymous_2)","decl":{"start":{"line":158,"column":21},"end":{"line":158,"column":22}},"loc":{"start":{"line":158,"column":30},"end":{"line":166,"column":5}},"line":158}},"branchMap":{"0":{"loc":{"start":{"line":84,"column":0},"end":{"line":109,"column":null}},"type":"if","locations":[{"start":{"line":84,"column":0},"end":{"line":109,"column":null}},{"start":{},"end":{}}],"line":84},"1":{"loc":{"start":{"line":132,"column":4},"end":{"line":134,"column":null}},"type":"if","locations":[{"start":{"line":132,"column":4},"end":{"line":134,"column":null}},{"start":{},"end":{}}],"line":132},"2":{"loc":{"start":{"line":138,"column":4},"end":{"line":144,"column":null}},"type":"if","locations":[{"start":{"line":138,"column":4},"end":{"line":144,"column":null}},{"start":{"line":140,"column":11},"end":{"line":144,"column":null}}],"line":138},"3":{"loc":{"start":{"line":140,"column":11},"end":{"line":144,"column":null}},"type":"if","locations":[{"start":{"line":140,"column":11},"end":{"line":144,"column":null}},{"start":{"line":142,"column":11},"end":{"line":144,"column":null}}],"line":140},"4":{"loc":{"start":{"line":150,"column":15},"end":{"line":150,"column":35}},"type":"binary-expr","locations":[{"start":{"line":150,"column":15},"end":{"line":150,"column":23}},{"start":{"line":150,"column":27},"end":{"line":150,"column":35}}],"line":150},"5":{"loc":{"start":{"line":154,"column":4},"end":{"line":156,"column":null}},"type":"if","locations":[{"start":{"line":154,"column":4},"end":{"line":156,"column":null}},{"start":{},"end":{}}],"line":154},"6":{"loc":{"start":{"line":159,"column":6},"end":{"line":163,"column":null}},"type":"if","locations":[{"start":{"line":159,"column":6},"end":{"line":163,"column":null}},{"start":{},"end":{}}],"line":159},"7":{"loc":{"start":{"line":165,"column":11},"end":{"line":165,"column":31}},"type":"binary-expr","locations":[{"start":{"line":165,"column":11},"end":{"line":165,"column":19}},{"start":{"line":165,"column":23},"end":{"line":165,"column":31}}],"line":165}},"s":{"0":1,"1":1,"2":1,"3":1,"4":1,"5":1,"6":1,"7":1,"8":1,"9":1,"10":1,"11":1,"12":1,"13":1,"14":0,"15":1,"16":0,"17":0,"18":1,"19":1,"20":1,"21":0,"22":0,"23":0,"24":0,"25":0,"26":0,"27":0,"28":0,"29":0,"30":0,"31":0,"32":0,"33":0,"34":0,"35":0,"36":0,"37":0,"38":0,"39":0,"40":0,"41":0},"f":{"0":0,"1":0,"2":0},"b":{"0":[0,1],"1":[0,0],"2":[0,0],"3":[0,0],"4":[0,0],"5":[0,0],"6":[0,0],"7":[0,0]},"meta":{"lastBranch":8,"lastFunction":3,"lastStatement":42,"seen":{"s:39:27:39:28":0,"s:43:30:43:31":1,"s:46:24:46:25":2,"s:50:24:50:25":3,"s:54:25:54:26":4,"s:57:32:57:33":5,"s:60:37:60:38":6,"s:63:38:63:39":7,"s:66:22:66:37":8,"s:69:17:69:47":9,"s:72:25:72:45":10,"s:75:12:75:46":11,"s:78:14:78:16":12,"s:81:27:81:79":13,"f:81:50:81:51":0,"s:81:60:81:77":14,"b:84:0:109:Infinity:undefined:undefined:undefined:undefined":0,"s:84:0:109:Infinity":15,"s:86:2:92:Infinity":16,"s:94:2:108:Infinity":17,"s:112:22:122:2":18,"s:125:15:125:16":19,"s:128:0:168:Infinity":20,"f:128:50:128:55":1,"s:129:2:167:Infinity":21,"s:130:4:130:Infinity":22,"b:132:4:134:Infinity:undefined:undefined:undefined:undefined":1,"s:132:4:134:Infinity":23,"s:133:6:133:Infinity":24,"s:136:3:136:Infinity":25,"b:138:4:144:Infinity:140:11:144:Infinity":2,"s:138:4:144:Infinity":26,"s:139:6:139:Infinity":27,"b:140:11:144:Infinity:142:11:144:Infinity":3,"s:140:11:144:Infinity":28,"s:141:6:141:Infinity":29,"s:143:6:143:Infinity":30,"s:146:4:146:Infinity":31,"s:148:4:148:Infinity":32,"s:150:4:150:Infinity":33,"b:150:15:150:23:150:27:150:35":4,"s:152:4:152:Infinity":34,"b:154:4:156:Infinity:undefined:undefined:undefined:undefined":5,"s:154:4:156:Infinity":35,"s:155:6:155:Infinity":36,"s:158:3:166:Infinity":37,"f:158:21:158:22":2,"b:159:6:163:Infinity:undefined:undefined:undefined:undefined":6,"s:159:6:163:Infinity":38,"s:160:8:160:Infinity":39,"s:162:8:162:Infinity":40,"s:165:5:165:Infinity":41,"b:165:11:165:19:165:23:165:31":7}}}
,"/home/sentry0/repos/vmsnap/libs/general.js": {"path":"/home/sentry0/repos/vmsnap/libs/general.js","statementMap":{"0":{"start":{"line":15,"column":30},"end":{"line":15,"column":42}},"1":{"start":{"line":17,"column":26},"end":{"line":17,"column":34}},"2":{"start":{"line":19,"column":24},"end":{"line":19,"column":30}},"3":{"start":{"line":21,"column":23},"end":{"line":21,"column":26}},"4":{"start":{"line":32,"column":26},"end":{"line":51,"column":1}},"5":{"start":{"line":33,"column":27},"end":{"line":33,"column":52}},"6":{"start":{"line":35,"column":26},"end":{"line":35,"column":28}},"7":{"start":{"line":37,"column":2},"end":{"line":43,"column":null}},"8":{"start":{"line":38,"column":4},"end":{"line":42,"column":null}},"9":{"start":{"line":39,"column":6},"end":{"line":39,"column":null}},"10":{"start":{"line":41,"column":6},"end":{"line":41,"column":null}},"11":{"start":{"line":45,"column":2},"end":{"line":50,"column":null}},"12":{"start":{"line":46,"column":4},"end":{"line":49,"column":null}},"13":{"start":{"line":59,"column":21},"end":{"line":80,"column":1}},"14":{"start":{"line":60,"column":21},"end":{"line":60,"column":22}},"15":{"start":{"line":62,"column":2},"end":{"line":64,"column":null}},"16":{"start":{"line":63,"column":4},"end":{"line":63,"column":null}},"17":{"start":{"line":66,"column":2},"end":{"line":68,"column":null}},"18":{"start":{"line":67,"column":4},"end":{"line":67,"column":null}},"19":{"start":{"line":70,"column":2},"end":{"line":72,"column":null}},"20":{"start":{"line":71,"column":4},"end":{"line":71,"column":null}},"21":{"start":{"line":74,"column":2},"end":{"line":79,"column":null}},"22":{"start":{"line":75,"column":4},"end":{"line":78,"column":null}},"23":{"start":{"line":89,"column":24},"end":{"line":107,"column":1}},"24":{"start":{"line":89,"column":61},"end":{"line":89,"column":63}},"25":{"start":{"line":90,"column":15},"end":{"line":90,"column":17}},"26":{"start":{"line":92,"column":2},"end":{"line":94,"column":null}},"27":{"start":{"line":93,"column":4},"end":{"line":93,"column":null}},"28":{"start":{"line":96,"column":2},"end":{"line":104,"column":null}},"29":{"start":{"line":97,"column":4},"end":{"line":97,"column":null}},"30":{"start":{"line":98,"column":9},"end":{"line":104,"column":null}},"31":{"start":{"line":99,"column":4},"end":{"line":99,"column":null}},"32":{"start":{"line":100,"column":9},"end":{"line":104,"column":null}},"33":{"start":{"line":101,"column":4},"end":{"line":101,"column":null}},"34":{"start":{"line":103,"column":4},"end":{"line":103,"column":null}},"35":{"start":{"line":106,"column":2},"end":{"line":106,"column":null}},"36":{"start":{"line":115,"column":19},"end":{"line":123,"column":1}},"37":{"start":{"line":116,"column":2},"end":{"line":122,"column":null}},"38":{"start":{"line":117,"column":4},"end":{"line":117,"column":null}},"39":{"start":{"line":119,"column":4},"end":{"line":119,"column":null}},"40":{"start":{"line":121,"column":4},"end":{"line":121,"column":null}},"41":{"start":{"line":132,"column":35},"end":{"line":176,"column":1}},"42":{"start":{"line":137,"column":2},"end":{"line":139,"column":null}},"43":{"start":{"line":138,"column":4},"end":{"line":138,"column":null}},"44":{"start":{"line":141,"column":2},"end":{"line":141,"column":null}},"45":{"start":{"line":143,"column":17},"end":{"line":143,"column":22}},"46":{"start":{"line":145,"column":2},"end":{"line":173,"column":null}},"47":{"start":{"line":146,"column":4},"end":{"line":166,"column":null}},"48":{"start":{"line":147,"column":6},"end":{"line":147,"column":null}},"49":{"start":{"line":149,"column":6},"end":{"line":165,"column":null}},"50":{"start":{"line":150,"column":8},"end":{"line":150,"column":null}},"51":{"start":{"line":151,"column":13},"end":{"line":165,"column":null}},"52":{"start":{"line":152,"column":8},"end":{"line":152,"column":null}},"53":{"start":{"line":153,"column":13},"end":{"line":165,"column":null}},"54":{"start":{"line":154,"column":8},"end":{"line":154,"column":null}},"55":{"start":{"line":156,"column":8},"end":{"line":156,"column":null}},"56":{"start":{"line":157,"column":13},"end":{"line":165,"column":null}},"57":{"start":{"line":158,"column":8},"end":{"line":158,"column":null}},"58":{"start":{"line":160,"column":8},"end":{"line":160,"column":null}},"59":{"start":{"line":162,"column":8},"end":{"line":164,"column":null}},"60":{"start":{"line":168,"column":4},"end":{"line":168,"column":null}},"61":{"start":{"line":170,"column":4},"end":{"line":170,"column":null}},"62":{"start":{"line":172,"column":4},"end":{"line":172,"column":null}},"63":{"start":{"line":175,"column":2},"end":{"line":175,"column":null}},"64":{"start":{"line":186,"column":23},"end":{"line":194,"column":1}},"65":{"start":{"line":187,"column":2},"end":{"line":191,"column":null}},"66":{"start":{"line":188,"column":4},"end":{"line":190,"column":null}},"67":{"start":{"line":189,"column":6},"end":{"line":189,"column":null}},"68":{"start":{"line":193,"column":2},"end":{"line":193,"column":null}}},"fnMap":{"0":{"name":"(anonymous_0)","decl":{"start":{"line":32,"column":26},"end":{"line":32,"column":31}},"loc":{"start":{"line":32,"column":38},"end":{"line":51,"column":1}},"line":32},"1":{"name":"(anonymous_1)","decl":{"start":{"line":59,"column":21},"end":{"line":59,"column":22}},"loc":{"start":{"line":59,"column":52},"end":{"line":80,"column":1}},"line":59},"2":{"name":"(anonymous_2)","decl":{"start":{"line":89,"column":24},"end":{"line":89,"column":29}},"loc":{"start":{"line":89,"column":68},"end":{"line":107,"column":1}},"line":89},"3":{"name":"(anonymous_3)","decl":{"start":{"line":89,"column":49},"end":{"line":89,"column":54}},"loc":{"start":{"line":89,"column":61},"end":{"line":89,"column":63}},"line":89},"4":{"name":"(anonymous_4)","decl":{"start":{"line":115,"column":19},"end":{"line":115,"column":24}},"loc":{"start":{"line":115,"column":35},"end":{"line":123,"column":1}},"line":115},"5":{"name":"(anonymous_5)","decl":{"start":{"line":132,"column":35},"end":{"line":132,"column":40}},"loc":{"start":{"line":136,"column":6},"end":{"line":176,"column":1}},"line":136},"6":{"name":"(anonymous_6)","decl":{"start":{"line":186,"column":23},"end":{"line":186,"column":24}},"loc":{"start":{"line":186,"column":39},"end":{"line":194,"column":1}},"line":186}},"branchMap":{"0":{"loc":{"start":{"line":45,"column":2},"end":{"line":50,"column":null}},"type":"if","locations":[{"start":{"line":45,"column":2},"end":{"line":50,"column":null}},{"start":{},"end":{}}],"line":45},"1":{"loc":{"start":{"line":62,"column":2},"end":{"line":64,"column":null}},"type":"if","locations":[{"start":{"line":62,"column":2},"end":{"line":64,"column":null}},{"start":{},"end":{}}],"line":62},"2":{"loc":{"start":{"line":66,"column":2},"end":{"line":68,"column":null}},"type":"if","locations":[{"start":{"line":66,"column":2},"end":{"line":68,"column":null}},{"start":{},"end":{}}],"line":66},"3":{"loc":{"start":{"line":70,"column":2},"end":{"line":72,"column":null}},"type":"if","locations":[{"start":{"line":70,"column":2},"end":{"line":72,"column":null}},{"start":{},"end":{}}],"line":70},"4":{"loc":{"start":{"line":74,"column":2},"end":{"line":79,"column":null}},"type":"if","locations":[{"start":{"line":74,"column":2},"end":{"line":79,"column":null}},{"start":{},"end":{}}],"line":74},"5":{"loc":{"start":{"line":89,"column":38},"end":{"line":89,"column":63}},"type":"default-arg","locations":[{"start":{"line":89,"column":49},"end":{"line":89,"column":63}}],"line":89},"6":{"loc":{"start":{"line":92,"column":2},"end":{"line":94,"column":null}},"type":"if","locations":[{"start":{"line":92,"column":2},"end":{"line":94,"column":null}},{"start":{},"end":{}}],"line":92},"7":{"loc":{"start":{"line":92,"column":6},"end":{"line":92,"column":54}},"type":"binary-expr","locations":[{"start":{"line":92,"column":6},"end":{"line":92,"column":25}},{"start":{"line":92,"column":29},"end":{"line":92,"column":54}}],"line":92},"8":{"loc":{"start":{"line":96,"column":2},"end":{"line":104,"column":null}},"type":"if","locations":[{"start":{"line":96,"column":2},"end":{"line":104,"column":null}},{"start":{"line":98,"column":9},"end":{"line":104,"column":null}}],"line":96},"9":{"loc":{"start":{"line":98,"column":9},"end":{"line":104,"column":null}},"type":"if","locations":[{"start":{"line":98,"column":9},"end":{"line":104,"column":null}},{"start":{"line":100,"column":9},"end":{"line":104,"column":null}}],"line":98},"10":{"loc":{"start":{"line":100,"column":9},"end":{"line":104,"column":null}},"type":"if","locations":[{"start":{"line":100,"column":9},"end":{"line":104,"column":null}},{"start":{"line":102,"column":9},"end":{"line":104,"column":null}}],"line":100},"11":{"loc":{"start":{"line":137,"column":2},"end":{"line":139,"column":null}},"type":"if","locations":[{"start":{"line":137,"column":2},"end":{"line":139,"column":null}},{"start":{},"end":{}}],"line":137},"12":{"loc":{"start":{"line":149,"column":6},"end":{"line":165,"column":null}},"type":"if","locations":[{"start":{"line":149,"column":6},"end":{"line":165,"column":null}},{"start":{"line":151,"column":13},"end":{"line":165,"column":null}}],"line":149},"13":{"loc":{"start":{"line":151,"column":13},"end":{"line":165,"column":null}},"type":"if","locations":[{"start":{"line":151,"column":13},"end":{"line":165,"column":null}},{"start":{"line":153,"column":13},"end":{"line":165,"column":null}}],"line":151},"14":{"loc":{"start":{"line":153,"column":13},"end":{"line":165,"column":null}},"type":"if","locations":[{"start":{"line":153,"column":13},"end":{"line":165,"column":null}},{"start":{"line":157,"column":13},"end":{"line":165,"column":null}}],"line":153},"15":{"loc":{"start":{"line":157,"column":13},"end":{"line":165,"column":null}},"type":"if","locations":[{"start":{"line":157,"column":13},"end":{"line":165,"column":null}},{"start":{"line":161,"column":13},"end":{"line":165,"column":null}}],"line":157},"16":{"loc":{"start":{"line":188,"column":4},"end":{"line":190,"column":null}},"type":"if","locations":[{"start":{"line":188,"column":4},"end":{"line":190,"column":null}},{"start":{},"end":{}}],"line":188}},"s":{"0":2,"1":2,"2":2,"3":2,"4":2,"5":3,"6":3,"7":3,"8":9,"9":9,"10":3,"11":3,"12":2,"13":2,"14":11053,"15":11053,"16":3862,"17":11052,"18":354,"19":11052,"20":222,"21":11052,"22":286,"23":2,"24":0,"25":12,"26":12,"27":2,"28":10,"29":2,"30":8,"31":1,"32":7,"33":7,"34":0,"35":10,"36":2,"37":2,"38":2,"39":1,"40":1,"41":2,"42":7,"43":1,"44":6,"45":6,"46":6,"47":6,"48":7,"49":7,"50":3,"51":4,"52":1,"53":3,"54":1,"55":1,"56":2,"57":1,"58":1,"59":1,"60":5,"61":1,"62":1,"63":6,"64":2,"65":4,"66":5,"67":2,"68":2},"f":{"0":3,"1":11053,"2":12,"3":0,"4":2,"5":7,"6":4},"b":{"0":[2,1],"1":[3862,7191],"2":[354,10698],"3":[222,10830],"4":[286,10766],"5":[0],"6":[2,10],"7":[12,11],"8":[2,8],"9":[1,7],"10":[7,0],"11":[1,6],"12":[3,4],"13":[1,3],"14":[1,2],"15":[1,1],"16":[2,3]},"meta":{"lastBranch":17,"lastFunction":7,"lastStatement":69,"seen":{"s:15:30:15:42":0,"s:17:26:17:34":1,"s:19:24:19:30":2,"s:21:23:21:26":3,"s:32:26:51:1":4,"f:32:26:32:31":0,"s:33:27:33:52":5,"s:35:26:35:28":6,"s:37:2:43:Infinity":7,"s:38:4:42:Infinity":8,"s:39:6:39:Infinity":9,"s:41:6:41:Infinity":10,"b:45:2:50:Infinity:undefined:undefined:undefined:undefined":0,"s:45:2:50:Infinity":11,"s:46:4:49:Infinity":12,"s:59:21:80:1":13,"f:59:21:59:22":1,"s:60:21:60:22":14,"b:62:2:64:Infinity:undefined:undefined:undefined:undefined":1,"s:62:2:64:Infinity":15,"s:63:4:63:Infinity":16,"b:66:2:68:Infinity:undefined:undefined:undefined:undefined":2,"s:66:2:68:Infinity":17,"s:67:4:67:Infinity":18,"b:70:2:72:Infinity:undefined:undefined:undefined:undefined":3,"s:70:2:72:Infinity":19,"s:71:4:71:Infinity":20,"b:74:2:79:Infinity:undefined:undefined:undefined:undefined":4,"s:74:2:79:Infinity":21,"s:75:4:78:Infinity":22,"s:89:24:107:1":23,"f:89:24:89:29":2,"b:89:49:89:63":5,"f:89:49:89:54":3,"s:89:61:89:63":24,"s:90:15:90:17":25,"b:92:2:94:Infinity:undefined:undefined:undefined:undefined":6,"s:92:2:94:Infinity":26,"b:92:6:92:25:92:29:92:54":7,"s:93:4:93:Infinity":27,"b:96:2:104:Infinity:98:9:104:Infinity":8,"s:96:2:104:Infinity":28,"s:97:4:97:Infinity":29,"b:98:9:104:Infinity:100:9:104:Infinity":9,"s:98:9:104:Infinity":30,"s:99:4:99:Infinity":31,"b:100:9:104:Infinity:102:9:104:Infinity":10,"s:100:9:104:Infinity":32,"s:101:4:101:Infinity":33,"s:103:4:103:Infinity":34,"s:106:2:106:Infinity":35,"s:115:19:123:1":36,"f:115:19:115:24":4,"s:116:2:122:Infinity":37,"s:117:4:117:Infinity":38,"s:119:4:119:Infinity":39,"s:121:4:121:Infinity":40,"s:132:35:176:1":41,"f:132:35:132:40":5,"b:137:2:139:Infinity:undefined:undefined:undefined:undefined":11,"s:137:2:139:Infinity":42,"s:138:4:138:Infinity":43,"s:141:2:141:Infinity":44,"s:143:17:143:22":45,"s:145:2:173:Infinity":46,"s:146:4:166:Infinity":47,"s:147:6:147:Infinity":48,"b:149:6:165:Infinity:151:13:165:Infinity":12,"s:149:6:165:Infinity":49,"s:150:8:150:Infinity":50,"b:151:13:165:Infinity:153:13:165:Infinity":13,"s:151:13:165:Infinity":51,"s:152:8:152:Infinity":52,"b:153:13:165:Infinity:157:13:165:Infinity":14,"s:153:13:165:Infinity":53,"s:154:8:154:Infinity":54,"s:156:8:156:Infinity":55,"b:157:13:165:Infinity:161:13:165:Infinity":15,"s:157:13:165:Infinity":56,"s:158:8:158:Infinity":57,"s:160:8:160:Infinity":58,"s:162:8:164:Infinity":59,"s:168:4:168:Infinity":60,"s:170:4:170:Infinity":61,"s:172:4:172:Infinity":62,"s:175:2:175:Infinity":63,"s:186:23:194:1":64,"f:186:23:186:24":6,"s:187:2:191:Infinity":65,"b:188:4:190:Infinity:undefined:undefined:undefined:undefined":16,"s:188:4:190:Infinity":66,"s:189:6:189:Infinity":67,"s:193:2:193:Infinity":68}}}
,"/home/sentry0/repos/vmsnap/libs/libnbdbackup.js": {"path":"/home/sentry0/repos/vmsnap/libs/libnbdbackup.js","statementMap":{"0":{"start":{"line":21,"column":0},"end":{"line":21,"column":null}},"1":{"start":{"line":22,"column":0},"end":{"line":22,"column":null}},"2":{"start":{"line":23,"column":0},"end":{"line":23,"column":null}},"3":{"start":{"line":25,"column":22},"end":{"line":25,"column":37}},"4":{"start":{"line":27,"column":23},"end":{"line":27,"column":32}},"5":{"start":{"line":29,"column":25},"end":{"line":29,"column":36}},"6":{"start":{"line":31,"column":27},"end":{"line":31,"column":34}},"7":{"start":{"line":33,"column":22},"end":{"line":33,"column":28}},"8":{"start":{"line":35,"column":33},"end":{"line":35,"column":40}},"9":{"start":{"line":37,"column":28},"end":{"line":37,"column":37}},"10":{"start":{"line":39,"column":30},"end":{"line":39,"column":41}},"11":{"start":{"line":41,"column":25},"end":{"line":41,"column":31}},"12":{"start":{"line":43,"column":28},"end":{"line":48,"column":1}},"13":{"start":{"line":60,"column":24},"end":{"line":97,"column":1}},"14":{"start":{"line":63,"column":2},"end":{"line":94,"column":null}},"15":{"start":{"line":65,"column":6},"end":{"line":67,"column":null}},"16":{"start":{"line":68,"column":6},"end":{"line":68,"column":null}},"17":{"start":{"line":70,"column":20},"end":{"line":70,"column":55}},"18":{"start":{"line":72,"column":6},"end":{"line":74,"column":null}},"19":{"start":{"line":73,"column":8},"end":{"line":73,"column":null}},"20":{"start":{"line":76,"column":21},"end":{"line":76,"column":56}},"21":{"start":{"line":78,"column":6},"end":{"line":80,"column":null}},"22":{"start":{"line":81,"column":6},"end":{"line":81,"column":null}},"23":{"start":{"line":83,"column":6},"end":{"line":85,"column":null}},"24":{"start":{"line":86,"column":6},"end":{"line":86,"column":null}},"25":{"start":{"line":88,"column":6},"end":{"line":90,"column":null}},"26":{"start":{"line":91,"column":6},"end":{"line":91,"column":null}},"27":{"start":{"line":93,"column":6},"end":{"line":93,"column":null}},"28":{"start":{"line":96,"column":2},"end":{"line":96,"column":null}},"29":{"start":{"line":105,"column":22},"end":{"line":134,"column":1}},"30":{"start":{"line":106,"column":2},"end":{"line":108,"column":null}},"31":{"start":{"line":107,"column":4},"end":{"line":107,"column":null}},"32":{"start":{"line":110,"column":2},"end":{"line":112,"column":null}},"33":{"start":{"line":111,"column":4},"end":{"line":111,"column":null}},"34":{"start":{"line":114,"column":2},"end":{"line":133,"column":null}},"35":{"start":{"line":115,"column":4},"end":{"line":121,"column":null}},"36":{"start":{"line":116,"column":6},"end":{"line":116,"column":null}},"37":{"start":{"line":118,"column":6},"end":{"line":118,"column":null}},"38":{"start":{"line":120,"column":6},"end":{"line":120,"column":null}},"39":{"start":{"line":123,"column":4},"end":{"line":123,"column":null}},"40":{"start":{"line":125,"column":4},"end":{"line":132,"column":null}},"41":{"start":{"line":126,"column":6},"end":{"line":128,"column":null}},"42":{"start":{"line":131,"column":6},"end":{"line":131,"column":null}},"43":{"start":{"line":147,"column":26},"end":{"line":162,"column":1}},"44":{"start":{"line":148,"column":29},"end":{"line":150,"column":3}},"45":{"start":{"line":155,"column":2},"end":{"line":159,"column":null}},"46":{"start":{"line":156,"column":4},"end":{"line":156,"column":null}},"47":{"start":{"line":158,"column":4},"end":{"line":158,"column":null}},"48":{"start":{"line":161,"column":2},"end":{"line":161,"column":null}},"49":{"start":{"line":174,"column":26},"end":{"line":223,"column":1}},"50":{"start":{"line":175,"column":2},"end":{"line":177,"column":null}},"51":{"start":{"line":176,"column":4},"end":{"line":176,"column":17}},"52":{"start":{"line":180,"column":2},"end":{"line":184,"column":null}},"53":{"start":{"line":181,"column":4},"end":{"line":181,"column":null}},"54":{"start":{"line":183,"column":4},"end":{"line":183,"column":null}},"55":{"start":{"line":186,"column":31},"end":{"line":186,"column":62}},"56":{"start":{"line":188,"column":2},"end":{"line":188,"column":null}},"57":{"start":{"line":190,"column":2},"end":{"line":194,"column":null}},"58":{"start":{"line":191,"column":4},"end":{"line":191,"column":null}},"59":{"start":{"line":193,"column":4},"end":{"line":193,"column":null}},"60":{"start":{"line":196,"column":37},"end":{"line":198,"column":3}},"61":{"start":{"line":200,"column":2},"end":{"line":202,"column":null}},"62":{"start":{"line":201,"column":4},"end":{"line":201,"column":null}},"63":{"start":{"line":206,"column":14},"end":{"line":206,"column":64}},"64":{"start":{"line":208,"column":2},"end":{"line":208,"column":null}},"65":{"start":{"line":210,"column":2},"end":{"line":222,"column":null}},"66":{"start":{"line":212,"column":6},"end":{"line":212,"column":null}},"67":{"start":{"line":214,"column":6},"end":{"line":214,"column":null}},"68":{"start":{"line":216,"column":6},"end":{"line":216,"column":null}},"69":{"start":{"line":218,"column":6},"end":{"line":218,"column":null}},"70":{"start":{"line":221,"column":6},"end":{"line":221,"column":null}},"71":{"start":{"line":234,"column":31},"end":{"line":251,"column":1}},"72":{"start":{"line":235,"column":31},"end":{"line":235,"column":62}},"73":{"start":{"line":237,"column":2},"end":{"line":241,"column":null}},"74":{"start":{"line":238,"column":4},"end":{"line":238,"column":null}},"75":{"start":{"line":240,"column":4},"end":{"line":240,"column":null}},"76":{"start":{"line":243,"column":2},"end":{"line":245,"column":null}},"77":{"start":{"line":247,"column":2},"end":{"line":250,"column":null}},"78":{"start":{"line":260,"column":27},"end":{"line":270,"column":1}},"79":{"start":{"line":261,"column":2},"end":{"line":263,"column":null}},"80":{"start":{"line":262,"column":4},"end":{"line":262,"column":null}},"81":{"start":{"line":265,"column":2},"end":{"line":267,"column":null}},"82":{"start":{"line":266,"column":4},"end":{"line":266,"column":null}},"83":{"start":{"line":269,"column":2},"end":{"line":269,"column":null}},"84":{"start":{"line":277,"column":15},"end":{"line":331,"column":1}},"85":{"start":{"line":278,"column":2},"end":{"line":282,"column":null}},"86":{"start":{"line":279,"column":4},"end":{"line":279,"column":null}},"87":{"start":{"line":281,"column":4},"end":{"line":281,"column":null}},"88":{"start":{"line":284,"column":22},"end":{"line":293,"column":3}},"89":{"start":{"line":295,"column":2},"end":{"line":297,"column":null}},"90":{"start":{"line":296,"column":4},"end":{"line":296,"column":null}},"91":{"start":{"line":299,"column":15},"end":{"line":303,"column":4}},"92":{"start":{"line":305,"column":2},"end":{"line":311,"column":null}},"93":{"start":{"line":306,"column":4},"end":{"line":306,"column":null}},"94":{"start":{"line":308,"column":4},"end":{"line":310,"column":null}},"95":{"start":{"line":309,"column":6},"end":{"line":309,"column":null}},"96":{"start":{"line":313,"column":2},"end":{"line":319,"column":null}},"97":{"start":{"line":314,"column":4},"end":{"line":314,"column":null}},"98":{"start":{"line":316,"column":4},"end":{"line":318,"column":null}},"99":{"start":{"line":317,"column":6},"end":{"line":317,"column":null}},"100":{"start":{"line":322,"column":2},"end":{"line":330,"column":null}},"101":{"start":{"line":323,"column":4},"end":{"line":329,"column":null}},"102":{"start":{"line":324,"column":6},"end":{"line":326,"column":null}},"103":{"start":{"line":325,"column":8},"end":{"line":325,"column":null}},"104":{"start":{"line":328,"column":6},"end":{"line":328,"column":null}}},"fnMap":{"0":{"name":"(anonymous_0)","decl":{"start":{"line":60,"column":24},"end":{"line":60,"column":25}},"loc":{"start":{"line":60,"column":73},"end":{"line":97,"column":1}},"line":60},"1":{"name":"(anonymous_1)","decl":{"start":{"line":105,"column":22},"end":{"line":105,"column":27}},"loc":{"start":{"line":105,"column":74},"end":{"line":134,"column":1}},"line":105},"2":{"name":"(anonymous_2)","decl":{"start":{"line":147,"column":26},"end":{"line":147,"column":31}},"loc":{"start":{"line":147,"column":59},"end":{"line":162,"column":1}},"line":147},"3":{"name":"(anonymous_3)","decl":{"start":{"line":174,"column":26},"end":{"line":174,"column":31}},"loc":{"start":{"line":174,"column":75},"end":{"line":223,"column":1}},"line":174},"4":{"name":"(anonymous_4)","decl":{"start":{"line":234,"column":31},"end":{"line":234,"column":36}},"loc":{"start":{"line":234,"column":64},"end":{"line":251,"column":1}},"line":234},"5":{"name":"(anonymous_5)","decl":{"start":{"line":260,"column":27},"end":{"line":260,"column":28}},"loc":{"start":{"line":260,"column":40},"end":{"line":270,"column":1}},"line":260},"6":{"name":"(anonymous_6)","decl":{"start":{"line":277,"column":15},"end":{"line":277,"column":20}},"loc":{"start":{"line":277,"column":58},"end":{"line":331,"column":1}},"line":277},"7":{"name":"(anonymous_7)","decl":{"start":{"line":308,"column":28},"end":{"line":308,"column":29}},"loc":{"start":{"line":308,"column":38},"end":{"line":310,"column":5}},"line":308},"8":{"name":"(anonymous_8)","decl":{"start":{"line":316,"column":28},"end":{"line":316,"column":29}},"loc":{"start":{"line":316,"column":38},"end":{"line":318,"column":5}},"line":316},"9":{"name":"(anonymous_9)","decl":{"start":{"line":322,"column":20},"end":{"line":322,"column":21}},"loc":{"start":{"line":322,"column":33},"end":{"line":330,"column":3}},"line":322},"10":{"name":"(anonymous_10)","decl":{"start":{"line":323,"column":22},"end":{"line":323,"column":23}},"loc":{"start":{"line":323,"column":32},"end":{"line":329,"column":5}},"line":323}},"branchMap":{"0":{"loc":{"start":{"line":60,"column":25},"end":{"line":60,"column":52}},"type":"default-arg","locations":[{"start":{"line":60,"column":35},"end":{"line":60,"column":52}}],"line":60},"1":{"loc":{"start":{"line":60,"column":54},"end":{"line":60,"column":68}},"type":"default-arg","locations":[{"start":{"line":60,"column":64},"end":{"line":60,"column":68}}],"line":60},"2":{"loc":{"start":{"line":63,"column":2},"end":{"line":94,"column":null}},"type":"switch","locations":[{"start":{"line":64,"column":4},"end":{"line":68,"column":null}},{"start":{"line":69,"column":4},"end":{"line":81,"column":null}},{"start":{"line":82,"column":4},"end":{"line":86,"column":null}},{"start":{"line":87,"column":4},"end":{"line":91,"column":null}},{"start":{"line":92,"column":4},"end":{"line":93,"column":null}}],"line":63},"3":{"loc":{"start":{"line":65,"column":19},"end":{"line":67,"column":64}},"type":"cond-expr","locations":[{"start":{"line":66,"column":9},"end":{"line":66,"column":null}},{"start":{"line":67,"column":9},"end":{"line":67,"column":64}}],"line":65},"4":{"loc":{"start":{"line":70,"column":20},"end":{"line":70,"column":55}},"type":"cond-expr","locations":[{"start":{"line":70,"column":50},"end":{"line":70,"column":51}},{"start":{"line":70,"column":54},"end":{"line":70,"column":55}}],"line":70},"5":{"loc":{"start":{"line":72,"column":6},"end":{"line":74,"column":null}},"type":"if","locations":[{"start":{"line":72,"column":6},"end":{"line":74,"column":null}},{"start":{},"end":{}}],"line":72},"6":{"loc":{"start":{"line":73,"column":19},"end":{"line":73,"column":41}},"type":"cond-expr","locations":[{"start":{"line":73,"column":36},"end":{"line":73,"column":37}},{"start":{"line":73,"column":40},"end":{"line":73,"column":41}}],"line":73},"7":{"loc":{"start":{"line":78,"column":19},"end":{"line":80,"column":54}},"type":"cond-expr","locations":[{"start":{"line":79,"column":9},"end":{"line":79,"column":null}},{"start":{"line":80,"column":9},"end":{"line":80,"column":54}}],"line":78},"8":{"loc":{"start":{"line":83,"column":19},"end":{"line":85,"column":59}},"type":"cond-expr","locations":[{"start":{"line":84,"column":9},"end":{"line":84,"column":null}},{"start":{"line":85,"column":9},"end":{"line":85,"column":59}}],"line":83},"9":{"loc":{"start":{"line":88,"column":19},"end":{"line":90,"column":61}},"type":"cond-expr","locations":[{"start":{"line":89,"column":9},"end":{"line":89,"column":null}},{"start":{"line":90,"column":9},"end":{"line":90,"column":61}}],"line":88},"10":{"loc":{"start":{"line":106,"column":2},"end":{"line":108,"column":null}},"type":"if","locations":[{"start":{"line":106,"column":2},"end":{"line":108,"column":null}},{"start":{},"end":{}}],"line":106},"11":{"loc":{"start":{"line":110,"column":2},"end":{"line":112,"column":null}},"type":"if","locations":[{"start":{"line":110,"column":2},"end":{"line":112,"column":null}},{"start":{},"end":{}}],"line":110},"12":{"loc":{"start":{"line":115,"column":4},"end":{"line":121,"column":null}},"type":"if","locations":[{"start":{"line":115,"column":4},"end":{"line":121,"column":null}},{"start":{},"end":{}}],"line":115},"13":{"loc":{"start":{"line":125,"column":4},"end":{"line":132,"column":null}},"type":"if","locations":[{"start":{"line":125,"column":4},"end":{"line":132,"column":null}},{"start":{},"end":{}}],"line":125},"14":{"loc":{"start":{"line":155,"column":2},"end":{"line":159,"column":null}},"type":"if","locations":[{"start":{"line":155,"column":2},"end":{"line":159,"column":null}},{"start":{},"end":{}}],"line":155},"15":{"loc":{"start":{"line":175,"column":2},"end":{"line":177,"column":null}},"type":"if","locations":[{"start":{"line":175,"column":2},"end":{"line":177,"column":null}},{"start":{},"end":{}}],"line":175},"16":{"loc":{"start":{"line":180,"column":2},"end":{"line":184,"column":null}},"type":"if","locations":[{"start":{"line":180,"column":2},"end":{"line":184,"column":null}},{"start":{},"end":{}}],"line":180},"17":{"loc":{"start":{"line":190,"column":2},"end":{"line":194,"column":null}},"type":"if","locations":[{"start":{"line":190,"column":2},"end":{"line":194,"column":null}},{"start":{},"end":{}}],"line":190},"18":{"loc":{"start":{"line":200,"column":2},"end":{"line":202,"column":null}},"type":"if","locations":[{"start":{"line":200,"column":2},"end":{"line":202,"column":null}},{"start":{},"end":{}}],"line":200},"19":{"loc":{"start":{"line":210,"column":2},"end":{"line":222,"column":null}},"type":"switch","locations":[{"start":{"line":211,"column":4},"end":{"line":212,"column":null}},{"start":{"line":213,"column":4},"end":{"line":214,"column":null}},{"start":{"line":215,"column":4},"end":{"line":216,"column":null}},{"start":{"line":217,"column":4},"end":{"line":218,"column":null}},{"start":{"line":219,"column":4},"end":{"line":221,"column":null}}],"line":210},"20":{"loc":{"start":{"line":237,"column":2},"end":{"line":241,"column":null}},"type":"if","locations":[{"start":{"line":237,"column":2},"end":{"line":241,"column":null}},{"start":{},"end":{}}],"line":237},"21":{"loc":{"start":{"line":261,"column":2},"end":{"line":263,"column":null}},"type":"if","locations":[{"start":{"line":261,"column":2},"end":{"line":263,"column":null}},{"start":{},"end":{}}],"line":261},"22":{"loc":{"start":{"line":265,"column":2},"end":{"line":267,"column":null}},"type":"if","locations":[{"start":{"line":265,"column":2},"end":{"line":267,"column":null}},{"start":{},"end":{}}],"line":265},"23":{"loc":{"start":{"line":278,"column":2},"end":{"line":282,"column":null}},"type":"if","locations":[{"start":{"line":278,"column":2},"end":{"line":282,"column":null}},{"start":{},"end":{}}],"line":278},"24":{"loc":{"start":{"line":295,"column":2},"end":{"line":297,"column":null}},"type":"if","locations":[{"start":{"line":295,"column":2},"end":{"line":297,"column":null}},{"start":{},"end":{}}],"line":295},"25":{"loc":{"start":{"line":305,"column":2},"end":{"line":311,"column":null}},"type":"if","locations":[{"start":{"line":305,"column":2},"end":{"line":311,"column":null}},{"start":{},"end":{}}],"line":305},"26":{"loc":{"start":{"line":313,"column":2},"end":{"line":319,"column":null}},"type":"if","locations":[{"start":{"line":313,"column":2},"end":{"line":319,"column":null}},{"start":{},"end":{}}],"line":313},"27":{"loc":{"start":{"line":324,"column":6},"end":{"line":326,"column":null}},"type":"if","locations":[{"start":{"line":324,"column":6},"end":{"line":326,"column":null}},{"start":{},"end":{}}],"line":324}},"s":{"0":3,"1":3,"2":3,"3":3,"4":3,"5":3,"6":3,"7":3,"8":3,"9":3,"10":3,"11":3,"12":3,"13":3,"14":85,"15":8,"16":8,"17":14,"18":14,"19":7,"20":14,"21":14,"22":14,"23":6,"24":6,"25":50,"26":50,"27":7,"28":78,"29":3,"30":28,"31":1,"32":27,"33":1,"34":26,"35":27,"36":1,"37":1,"38":1,"39":27,"40":27,"41":7,"42":7,"43":3,"44":27,"45":27,"46":1,"47":1,"48":26,"49":3,"50":27,"51":14,"52":13,"53":3,"54":3,"55":10,"56":10,"57":10,"58":0,"59":0,"60":10,"61":10,"62":1,"63":9,"64":9,"65":9,"66":5,"67":1,"68":2,"69":1,"70":0,"71":3,"72":7,"73":7,"74":0,"75":0,"76":7,"77":7,"78":3,"79":9,"80":2,"81":7,"82":7,"83":0,"84":3,"85":27,"86":8,"87":8,"88":19,"89":19,"90":1,"91":19,"92":19,"93":14,"94":14,"95":1,"96":19,"97":18,"98":18,"99":1,"100":19,"101":19,"102":19,"103":1,"104":19},"f":{"0":85,"1":28,"2":27,"3":27,"4":7,"5":9,"6":27,"7":1,"8":1,"9":19,"10":19},"b":{"0":[85],"1":[85],"2":[8,14,6,50,7],"3":[3,5],"4":[9,5],"5":[7,7],"6":[3,4],"7":[7,7],"8":[2,4],"9":[38,12],"10":[1,27],"11":[1,26],"12":[1,26],"13":[7,20],"14":[1,26],"15":[14,13],"16":[3,10],"17":[0,10],"18":[1,9],"19":[5,1,2,1,0],"20":[0,7],"21":[2,7],"22":[7,0],"23":[8,19],"24":[1,18],"25":[14,5],"26":[18,1],"27":[1,18]},"meta":{"lastBranch":28,"lastFunction":11,"lastStatement":105,"seen":{"s:21:0:21:Infinity":0,"s:22:0:22:Infinity":1,"s:23:0:23:Infinity":2,"s:25:22:25:37":3,"s:27:23:27:32":4,"s:29:25:29:36":5,"s:31:27:31:34":6,"s:33:22:33:28":7,"s:35:33:35:40":8,"s:37:28:37:37":9,"s:39:30:39:41":10,"s:41:25:41:31":11,"s:43:28:48:1":12,"s:60:24:97:1":13,"f:60:24:60:25":0,"b:60:35:60:52":0,"b:60:64:60:68":1,"b:64:4:68:Infinity:69:4:81:Infinity:82:4:86:Infinity:87:4:91:Infinity:92:4:93:Infinity":2,"s:63:2:94:Infinity":14,"s:65:6:67:Infinity":15,"b:66:9:66:Infinity:67:9:67:64":3,"s:68:6:68:Infinity":16,"s:70:20:70:55":17,"b:70:50:70:51:70:54:70:55":4,"b:72:6:74:Infinity:undefined:undefined:undefined:undefined":5,"s:72:6:74:Infinity":18,"s:73:8:73:Infinity":19,"b:73:36:73:37:73:40:73:41":6,"s:76:21:76:56":20,"s:78:6:80:Infinity":21,"b:79:9:79:Infinity:80:9:80:54":7,"s:81:6:81:Infinity":22,"s:83:6:85:Infinity":23,"b:84:9:84:Infinity:85:9:85:59":8,"s:86:6:86:Infinity":24,"s:88:6:90:Infinity":25,"b:89:9:89:Infinity:90:9:90:61":9,"s:91:6:91:Infinity":26,"s:93:6:93:Infinity":27,"s:96:2:96:Infinity":28,"s:105:22:134:1":29,"f:105:22:105:27":1,"b:106:2:108:Infinity:undefined:undefined:undefined:undefined":10,"s:106:2:108:Infinity":30,"s:107:4:107:Infinity":31,"b:110:2:112:Infinity:undefined:undefined:undefined:undefined":11,"s:110:2:112:Infinity":32,"s:111:4:111:Infinity":33,"s:114:2:133:Infinity":34,"b:115:4:121:Infinity:undefined:undefined:undefined:undefined":12,"s:115:4:121:Infinity":35,"s:116:6:116:Infinity":36,"s:118:6:118:Infinity":37,"s:120:6:120:Infinity":38,"s:123:4:123:Infinity":39,"b:125:4:132:Infinity:undefined:undefined:undefined:undefined":13,"s:125:4:132:Infinity":40,"s:126:6:128:Infinity":41,"s:131:6:131:Infinity":42,"s:147:26:162:1":43,"f:147:26:147:31":2,"s:148:29:150:3":44,"b:155:2:159:Infinity:undefined:undefined:undefined:undefined":14,"s:155:2:159:Infinity":45,"s:156:4:156:Infinity":46,"s:158:4:158:Infinity":47,"s:161:2:161:Infinity":48,"s:174:26:223:1":49,"f:174:26:174:31":3,"b:175:2:177:Infinity:undefined:undefined:undefined:undefined":15,"s:175:2:177:Infinity":50,"s:176:4:176:17":51,"b:180:2:184:Infinity:undefined:undefined:undefined:undefined":16,"s:180:2:184:Infinity":52,"s:181:4:181:Infinity":53,"s:183:4:183:Infinity":54,"s:186:31:186:62":55,"s:188:2:188:Infinity":56,"b:190:2:194:Infinity:undefined:undefined:undefined:undefined":17,"s:190:2:194:Infinity":57,"s:191:4:191:Infinity":58,"s:193:4:193:Infinity":59,"s:196:37:198:3":60,"b:200:2:202:Infinity:undefined:undefined:undefined:undefined":18,"s:200:2:202:Infinity":61,"s:201:4:201:Infinity":62,"s:206:14:206:64":63,"s:208:2:208:Infinity":64,"b:211:4:212:Infinity:213:4:214:Infinity:215:4:216:Infinity:217:4:218:Infinity:219:4:221:Infinity":19,"s:210:2:222:Infinity":65,"s:212:6:212:Infinity":66,"s:214:6:214:Infinity":67,"s:216:6:216:Infinity":68,"s:218:6:218:Infinity":69,"s:221:6:221:Infinity":70,"s:234:31:251:1":71,"f:234:31:234:36":4,"s:235:31:235:62":72,"b:237:2:241:Infinity:undefined:undefined:undefined:undefined":20,"s:237:2:241:Infinity":73,"s:238:4:238:Infinity":74,"s:240:4:240:Infinity":75,"s:243:2:245:Infinity":76,"s:247:2:250:Infinity":77,"s:260:27:270:1":78,"f:260:27:260:28":5,"b:261:2:263:Infinity:undefined:undefined:undefined:undefined":21,"s:261:2:263:Infinity":79,"s:262:4:262:Infinity":80,"b:265:2:267:Infinity:undefined:undefined:undefined:undefined":22,"s:265:2:267:Infinity":81,"s:266:4:266:Infinity":82,"s:269:2:269:Infinity":83,"s:277:15:331:1":84,"f:277:15:277:20":6,"b:278:2:282:Infinity:undefined:undefined:undefined:undefined":23,"s:278:2:282:Infinity":85,"s:279:4:279:Infinity":86,"s:281:4:281:Infinity":87,"s:284:22:293:3":88,"b:295:2:297:Infinity:undefined:undefined:undefined:undefined":24,"s:295:2:297:Infinity":89,"s:296:4:296:Infinity":90,"s:299:15:303:4":91,"b:305:2:311:Infinity:undefined:undefined:undefined:undefined":25,"s:305:2:311:Infinity":92,"s:306:4:306:Infinity":93,"s:308:4:310:Infinity":94,"f:308:28:308:29":7,"s:309:6:309:Infinity":95,"b:313:2:319:Infinity:undefined:undefined:undefined:undefined":26,"s:313:2:319:Infinity":96,"s:314:4:314:Infinity":97,"s:316:4:318:Infinity":98,"f:316:28:316:29":8,"s:317:6:317:Infinity":99,"s:322:2:330:Infinity":100,"f:322:20:322:21":9,"s:323:4:329:Infinity":101,"f:323:22:323:23":10,"b:324:6:326:Infinity:undefined:undefined:undefined:undefined":27,"s:324:6:326:Infinity":102,"s:325:8:325:Infinity":103,"s:328:6:328:Infinity":104}}}
,"/home/sentry0/repos/vmsnap/libs/print.js": {"path":"/home/sentry0/repos/vmsnap/libs/print.js","statementMap":{"0":{"start":{"line":9,"column":27},"end":{"line":9,"column":29}},"1":{"start":{"line":12,"column":25},"end":{"line":12,"column":31}},"2":{"start":{"line":15,"column":25},"end":{"line":15,"column":31}},"3":{"start":{"line":23,"column":25},"end":{"line":53,"column":1}},"4":{"start":{"line":34,"column":2},"end":{"line":36,"column":null}},"5":{"start":{"line":35,"column":4},"end":{"line":35,"column":null}},"6":{"start":{"line":38,"column":2},"end":{"line":38,"column":null}},"7":{"start":{"line":40,"column":19},"end":{"line":40,"column":68}},"8":{"start":{"line":42,"column":2},"end":{"line":42,"column":null}},"9":{"start":{"line":44,"column":2},"end":{"line":52,"column":null}},"10":{"start":{"line":45,"column":4},"end":{"line":49,"column":null}},"11":{"start":{"line":51,"column":4},"end":{"line":51,"column":null}},"12":{"start":{"line":60,"column":22},"end":{"line":113,"column":1}},"13":{"start":{"line":61,"column":2},"end":{"line":112,"column":null}},"14":{"start":{"line":62,"column":19},"end":{"line":62,"column":35}},"15":{"start":{"line":64,"column":4},"end":{"line":64,"column":null}},"16":{"start":{"line":67,"column":6},"end":{"line":67,"column":73}},"17":{"start":{"line":69,"column":4},"end":{"line":71,"column":null}},"18":{"start":{"line":73,"column":4},"end":{"line":81,"column":null}},"19":{"start":{"line":74,"column":6},"end":{"line":74,"column":null}},"20":{"start":{"line":76,"column":6},"end":{"line":76,"column":null}},"21":{"start":{"line":78,"column":6},"end":{"line":80,"column":null}},"22":{"start":{"line":79,"column":8},"end":{"line":79,"column":null}},"23":{"start":{"line":83,"column":4},"end":{"line":103,"column":null}},"24":{"start":{"line":84,"column":6},"end":{"line":84,"column":null}},"25":{"start":{"line":86,"column":6},"end":{"line":86,"column":null}},"26":{"start":{"line":88,"column":6},"end":{"line":102,"column":null}},"27":{"start":{"line":89,"column":8},"end":{"line":89,"column":null}},"28":{"start":{"line":90,"column":8},"end":{"line":90,"column":null}},"29":{"start":{"line":91,"column":8},"end":{"line":91,"column":null}},"30":{"start":{"line":93,"column":8},"end":{"line":101,"column":null}},"31":{"start":{"line":94,"column":10},"end":{"line":94,"column":null}},"32":{"start":{"line":96,"column":10},"end":{"line":96,"column":null}},"33":{"start":{"line":98,"column":10},"end":{"line":100,"column":null}},"34":{"start":{"line":99,"column":12},"end":{"line":99,"column":null}},"35":{"start":{"line":105,"column":4},"end":{"line":111,"column":null}},"36":{"start":{"line":106,"column":6},"end":{"line":106,"column":null}},"37":{"start":{"line":107,"column":6},"end":{"line":107,"column":null}},"38":{"start":{"line":108,"column":6},"end":{"line":108,"column":null}},"39":{"start":{"line":109,"column":6},"end":{"line":109,"column":null}},"40":{"start":{"line":110,"column":6},"end":{"line":110,"column":null}},"41":{"start":{"line":122,"column":14},"end":{"line":126,"column":1}},"42":{"start":{"line":123,"column":15},"end":{"line":123,"column":38}},"43":{"start":{"line":125,"column":2},"end":{"line":125,"column":null}},"44":{"start":{"line":136,"column":30},"end":{"line":150,"column":1}},"45":{"start":{"line":139,"column":2},"end":{"line":143,"column":null}},"46":{"start":{"line":140,"column":4},"end":{"line":140,"column":null}},"47":{"start":{"line":142,"column":4},"end":{"line":142,"column":null}},"48":{"start":{"line":145,"column":2},"end":{"line":149,"column":null}},"49":{"start":{"line":146,"column":4},"end":{"line":146,"column":null}},"50":{"start":{"line":148,"column":4},"end":{"line":148,"column":null}}},"fnMap":{"0":{"name":"(anonymous_0)","decl":{"start":{"line":23,"column":25},"end":{"line":23,"column":30}},"loc":{"start":{"line":33,"column":6},"end":{"line":53,"column":1}},"line":33},"1":{"name":"(anonymous_1)","decl":{"start":{"line":60,"column":22},"end":{"line":60,"column":23}},"loc":{"start":{"line":60,"column":36},"end":{"line":113,"column":1}},"line":60},"2":{"name":"(anonymous_2)","decl":{"start":{"line":122,"column":14},"end":{"line":122,"column":15}},"loc":{"start":{"line":122,"column":32},"end":{"line":126,"column":1}},"line":122},"3":{"name":"(anonymous_3)","decl":{"start":{"line":136,"column":30},"end":{"line":136,"column":31}},"loc":{"start":{"line":136,"column":78},"end":{"line":150,"column":1}},"line":136}},"branchMap":{"0":{"loc":{"start":{"line":24,"column":2},"end":{"line":24,"column":15}},"type":"default-arg","locations":[{"start":{"line":24,"column":12},"end":{"line":24,"column":15}}],"line":24},"1":{"loc":{"start":{"line":25,"column":2},"end":{"line":25,"column":17}},"type":"default-arg","locations":[{"start":{"line":25,"column":12},"end":{"line":25,"column":17}}],"line":25},"2":{"loc":{"start":{"line":27,"column":2},"end":{"line":27,"column":16}},"type":"default-arg","locations":[{"start":{"line":27,"column":11},"end":{"line":27,"column":16}}],"line":27},"3":{"loc":{"start":{"line":28,"column":2},"end":{"line":28,"column":17}},"type":"default-arg","locations":[{"start":{"line":28,"column":12},"end":{"line":28,"column":17}}],"line":28},"4":{"loc":{"start":{"line":29,"column":2},"end":{"line":29,"column":29}},"type":"default-arg","locations":[{"start":{"line":29,"column":12},"end":{"line":29,"column":29}}],"line":29},"5":{"loc":{"start":{"line":30,"column":2},"end":{"line":30,"column":13}},"type":"default-arg","locations":[{"start":{"line":30,"column":8},"end":{"line":30,"column":13}}],"line":30},"6":{"loc":{"start":{"line":31,"column":2},"end":{"line":31,"column":14}},"type":"default-arg","locations":[{"start":{"line":31,"column":9},"end":{"line":31,"column":14}}],"line":31},"7":{"loc":{"start":{"line":32,"column":2},"end":{"line":32,"column":14}},"type":"default-arg","locations":[{"start":{"line":32,"column":9},"end":{"line":32,"column":14}}],"line":32},"8":{"loc":{"start":{"line":34,"column":2},"end":{"line":36,"column":null}},"type":"if","locations":[{"start":{"line":34,"column":2},"end":{"line":36,"column":null}},{"start":{},"end":{}}],"line":34},"9":{"loc":{"start":{"line":44,"column":2},"end":{"line":52,"column":null}},"type":"if","locations":[{"start":{"line":44,"column":2},"end":{"line":52,"column":null}},{"start":{"line":50,"column":9},"end":{"line":52,"column":null}}],"line":44},"10":{"loc":{"start":{"line":44,"column":6},"end":{"line":44,"column":25}},"type":"binary-expr","locations":[{"start":{"line":44,"column":6},"end":{"line":44,"column":9}},{"start":{"line":44,"column":13},"end":{"line":44,"column":17}},{"start":{"line":44,"column":21},"end":{"line":44,"column":25}}],"line":44},"11":{"loc":{"start":{"line":47,"column":6},"end":{"line":47,"column":41}},"type":"cond-expr","locations":[{"start":{"line":47,"column":20},"end":{"line":47,"column":29}},{"start":{"line":47,"column":32},"end":{"line":47,"column":41}}],"line":47},"12":{"loc":{"start":{"line":47,"column":6},"end":{"line":47,"column":17}},"type":"binary-expr","locations":[{"start":{"line":47,"column":6},"end":{"line":47,"column":9}},{"start":{"line":47,"column":13},"end":{"line":47,"column":17}}],"line":47},"13":{"loc":{"start":{"line":67,"column":6},"end":{"line":67,"column":73}},"type":"cond-expr","locations":[{"start":{"line":67,"column":43},"end":{"line":67,"column":56}},{"start":{"line":67,"column":59},"end":{"line":67,"column":73}}],"line":67},"14":{"loc":{"start":{"line":73,"column":4},"end":{"line":81,"column":null}},"type":"if","locations":[{"start":{"line":73,"column":4},"end":{"line":81,"column":null}},{"start":{"line":75,"column":11},"end":{"line":81,"column":null}}],"line":73},"15":{"loc":{"start":{"line":73,"column":8},"end":{"line":73,"column":62}},"type":"binary-expr","locations":[{"start":{"line":73,"column":8},"end":{"line":73,"column":27}},{"start":{"line":73,"column":31},"end":{"line":73,"column":62}}],"line":73},"16":{"loc":{"start":{"line":83,"column":4},"end":{"line":103,"column":null}},"type":"if","locations":[{"start":{"line":83,"column":4},"end":{"line":103,"column":null}},{"start":{"line":85,"column":11},"end":{"line":103,"column":null}}],"line":83},"17":{"loc":{"start":{"line":93,"column":8},"end":{"line":101,"column":null}},"type":"if","locations":[{"start":{"line":93,"column":8},"end":{"line":101,"column":null}},{"start":{"line":95,"column":15},"end":{"line":101,"column":null}}],"line":93},"18":{"loc":{"start":{"line":105,"column":4},"end":{"line":111,"column":null}},"type":"if","locations":[{"start":{"line":105,"column":4},"end":{"line":111,"column":null}},{"start":{},"end":{}}],"line":105},"19":{"loc":{"start":{"line":136,"column":41},"end":{"line":136,"column":57}},"type":"default-arg","locations":[{"start":{"line":136,"column":48},"end":{"line":136,"column":57}}],"line":136},"20":{"loc":{"start":{"line":136,"column":59},"end":{"line":136,"column":73}},"type":"default-arg","locations":[{"start":{"line":136,"column":69},"end":{"line":136,"column":73}}],"line":136},"21":{"loc":{"start":{"line":139,"column":2},"end":{"line":143,"column":null}},"type":"if","locations":[{"start":{"line":139,"column":2},"end":{"line":143,"column":null}},{"start":{"line":141,"column":9},"end":{"line":143,"column":null}}],"line":139},"22":{"loc":{"start":{"line":142,"column":53},"end":{"line":142,"column":68}},"type":"cond-expr","locations":[{"start":{"line":142,"column":63},"end":{"line":142,"column":64}},{"start":{"line":142,"column":67},"end":{"line":142,"column":68}}],"line":142},"23":{"loc":{"start":{"line":145,"column":2},"end":{"line":149,"column":null}},"type":"if","locations":[{"start":{"line":145,"column":2},"end":{"line":149,"column":null}},{"start":{"line":147,"column":9},"end":{"line":149,"column":null}}],"line":145}},"s":{"0":1,"1":1,"2":1,"3":1,"4":29,"5":1,"6":29,"7":29,"8":28,"9":28,"10":10,"11":18,"12":1,"13":18,"14":18,"15":18,"16":18,"17":18,"18":18,"19":2,"20":16,"21":16,"22":32,"23":18,"24":2,"25":16,"26":16,"27":16,"28":16,"29":16,"30":16,"31":1,"32":15,"33":15,"34":28,"35":18,"36":14,"37":14,"38":14,"39":14,"40":14,"41":1,"42":8,"43":8,"44":1,"45":10,"46":6,"47":4,"48":10,"49":2,"50":8},"f":{"0":29,"1":18,"2":8,"3":10},"b":{"0":[29],"1":[29],"2":[29],"3":[29],"4":[29],"5":[29],"6":[29],"7":[29],"8":[1,28],"9":[10,18],"10":[28,27,22],"11":[6,4],"12":[10,9],"13":[16,2],"14":[2,16],"15":[18,18],"16":[2,16],"17":[1,15],"18":[14,4],"19":[10],"20":[10],"21":[6,4],"22":[1,3],"23":[2,8]},"meta":{"lastBranch":24,"lastFunction":4,"lastStatement":51,"seen":{"s:9:27:9:29":0,"s:12:25:12:31":1,"s:15:25:15:31":2,"s:23:25:53:1":3,"f:23:25:23:30":0,"b:24:12:24:15":0,"b:25:12:25:17":1,"b:27:11:27:16":2,"b:28:12:28:17":3,"b:29:12:29:29":4,"b:30:8:30:13":5,"b:31:9:31:14":6,"b:32:9:32:14":7,"b:34:2:36:Infinity:undefined:undefined:undefined:undefined":8,"s:34:2:36:Infinity":4,"s:35:4:35:Infinity":5,"s:38:2:38:Infinity":6,"s:40:19:40:68":7,"s:42:2:42:Infinity":8,"b:44:2:52:Infinity:50:9:52:Infinity":9,"s:44:2:52:Infinity":9,"b:44:6:44:9:44:13:44:17:44:21:44:25":10,"s:45:4:49:Infinity":10,"b:47:20:47:29:47:32:47:41":11,"b:47:6:47:9:47:13:47:17":12,"s:51:4:51:Infinity":11,"s:60:22:113:1":12,"f:60:22:60:23":1,"s:61:2:112:Infinity":13,"s:62:19:62:35":14,"s:64:4:64:Infinity":15,"s:67:6:67:73":16,"b:67:43:67:56:67:59:67:73":13,"s:69:4:71:Infinity":17,"b:73:4:81:Infinity:75:11:81:Infinity":14,"s:73:4:81:Infinity":18,"b:73:8:73:27:73:31:73:62":15,"s:74:6:74:Infinity":19,"s:76:6:76:Infinity":20,"s:78:6:80:Infinity":21,"s:79:8:79:Infinity":22,"b:83:4:103:Infinity:85:11:103:Infinity":16,"s:83:4:103:Infinity":23,"s:84:6:84:Infinity":24,"s:86:6:86:Infinity":25,"s:88:6:102:Infinity":26,"s:89:8:89:Infinity":27,"s:90:8:90:Infinity":28,"s:91:8:91:Infinity":29,"b:93:8:101:Infinity:95:15:101:Infinity":17,"s:93:8:101:Infinity":30,"s:94:10:94:Infinity":31,"s:96:10:96:Infinity":32,"s:98:10:100:Infinity":33,"s:99:12:99:Infinity":34,"b:105:4:111:Infinity:undefined:undefined:undefined:undefined":18,"s:105:4:111:Infinity":35,"s:106:6:106:Infinity":36,"s:107:6:107:Infinity":37,"s:108:6:108:Infinity":38,"s:109:6:109:Infinity":39,"s:110:6:110:Infinity":40,"s:122:14:126:1":41,"f:122:14:122:15":2,"s:123:15:123:38":42,"s:125:2:125:Infinity":43,"s:136:30:150:1":44,"f:136:30:136:31":3,"b:136:48:136:57":19,"b:136:69:136:73":20,"b:139:2:143:Infinity:141:9:143:Infinity":21,"s:139:2:143:Infinity":45,"s:140:4:140:Infinity":46,"s:142:4:142:Infinity":47,"b:142:63:142:64:142:67:142:68":22,"b:145:2:149:Infinity:147:9:149:Infinity":23,"s:145:2:149:Infinity":48,"s:146:4:146:Infinity":49,"s:148:4:148:Infinity":50}}}
,"/home/sentry0/repos/vmsnap/libs/qemu-img.js": {"path":"/home/sentry0/repos/vmsnap/libs/qemu-img.js","statementMap":{"0":{"start":{"line":12,"column":24},"end":{"line":12,"column":34}},"1":{"start":{"line":21,"column":20},"end":{"line":54,"column":1}},"2":{"start":{"line":22,"column":18},"end":{"line":22,"column":20}},"3":{"start":{"line":24,"column":16},"end":{"line":24,"column":43}},"4":{"start":{"line":26,"column":2},"end":{"line":51,"column":null}},"5":{"start":{"line":27,"column":20},"end":{"line":27,"column":61}},"6":{"start":{"line":29,"column":4},"end":{"line":50,"column":null}},"7":{"start":{"line":30,"column":25},"end":{"line":30,"column":59}},"8":{"start":{"line":32,"column":27},"end":{"line":32,"column":45}},"9":{"start":{"line":34,"column":19},"end":{"line":34,"column":41}},"10":{"start":{"line":36,"column":6},"end":{"line":47,"column":null}},"11":{"start":{"line":49,"column":6},"end":{"line":49,"column":null}},"12":{"start":{"line":53,"column":2},"end":{"line":53,"column":null}},"13":{"start":{"line":63,"column":23},"end":{"line":108,"column":1}},"14":{"start":{"line":64,"column":18},"end":{"line":64,"column":43}},"15":{"start":{"line":66,"column":2},"end":{"line":107,"column":null}},"16":{"start":{"line":67,"column":4},"end":{"line":71,"column":null}},"17":{"start":{"line":68,"column":6},"end":{"line":68,"column":null}},"18":{"start":{"line":70,"column":6},"end":{"line":70,"column":null}},"19":{"start":{"line":73,"column":4},"end":{"line":106,"column":null}},"20":{"start":{"line":76,"column":6},"end":{"line":78,"column":null}},"21":{"start":{"line":77,"column":8},"end":{"line":77,"column":null}},"22":{"start":{"line":81,"column":6},"end":{"line":83,"column":null}},"23":{"start":{"line":82,"column":8},"end":{"line":82,"column":null}},"24":{"start":{"line":85,"column":22},"end":{"line":91,"column":7}},"25":{"start":{"line":93,"column":6},"end":{"line":95,"column":null}},"26":{"start":{"line":97,"column":6},"end":{"line":105,"column":null}},"27":{"start":{"line":98,"column":8},"end":{"line":98,"column":null}},"28":{"start":{"line":100,"column":8},"end":{"line":102,"column":null}},"29":{"start":{"line":104,"column":8},"end":{"line":104,"column":null}}},"fnMap":{"0":{"name":"(anonymous_0)","decl":{"start":{"line":21,"column":20},"end":{"line":21,"column":25}},"loc":{"start":{"line":21,"column":38},"end":{"line":54,"column":1}},"line":21},"1":{"name":"(anonymous_1)","decl":{"start":{"line":63,"column":23},"end":{"line":63,"column":28}},"loc":{"start":{"line":63,"column":69},"end":{"line":108,"column":1}},"line":63}},"branchMap":{"0":{"loc":{"start":{"line":44,"column":10},"end":{"line":46,"column":70}},"type":"cond-expr","locations":[{"start":{"line":45,"column":14},"end":{"line":45,"column":null}},{"start":{"line":46,"column":14},"end":{"line":46,"column":70}}],"line":44},"1":{"loc":{"start":{"line":46,"column":14},"end":{"line":46,"column":70}},"type":"binary-expr","locations":[{"start":{"line":46,"column":14},"end":{"line":46,"column":64}},{"start":{"line":46,"column":68},"end":{"line":46,"column":70}}],"line":46},"2":{"loc":{"start":{"line":63,"column":38},"end":{"line":63,"column":64}},"type":"default-arg","locations":[{"start":{"line":63,"column":55},"end":{"line":63,"column":64}}],"line":63},"3":{"loc":{"start":{"line":67,"column":4},"end":{"line":71,"column":null}},"type":"if","locations":[{"start":{"line":67,"column":4},"end":{"line":71,"column":null}},{"start":{},"end":{}}],"line":67},"4":{"loc":{"start":{"line":76,"column":6},"end":{"line":78,"column":null}},"type":"if","locations":[{"start":{"line":76,"column":6},"end":{"line":78,"column":null}},{"start":{},"end":{}}],"line":76},"5":{"loc":{"start":{"line":81,"column":6},"end":{"line":83,"column":null}},"type":"if","locations":[{"start":{"line":81,"column":6},"end":{"line":83,"column":null}},{"start":{},"end":{}}],"line":81},"6":{"loc":{"start":{"line":81,"column":10},"end":{"line":81,"column":58}},"type":"binary-expr","locations":[{"start":{"line":81,"column":10},"end":{"line":81,"column":24}},{"start":{"line":81,"column":28},"end":{"line":81,"column":58}}],"line":81}},"s":{"0":2,"1":2,"2":15,"3":15,"4":15,"5":17,"6":17,"7":17,"8":16,"9":16,"10":16,"11":3,"12":15,"13":2,"14":7,"15":7,"16":8,"17":1,"18":1,"19":7,"20":13,"21":3,"22":10,"23":3,"24":7,"25":7,"26":7,"27":7,"28":1,"29":1},"f":{"0":15,"1":7},"b":{"0":[2,13],"1":[13,1],"2":[7],"3":[1,7],"4":[3,10],"5":[3,7],"6":[10,4]},"meta":{"lastBranch":7,"lastFunction":2,"lastStatement":30,"seen":{"s:12:24:12:34":0,"s:21:20:54:1":1,"f:21:20:21:25":0,"s:22:18:22:20":2,"s:24:16:24:43":3,"s:26:2:51:Infinity":4,"s:27:20:27:61":5,"s:29:4:50:Infinity":6,"s:30:25:30:59":7,"s:32:27:32:45":8,"s:34:19:34:41":9,"s:36:6:47:Infinity":10,"b:45:14:45:Infinity:46:14:46:70":0,"b:46:14:46:64:46:68:46:70":1,"s:49:6:49:Infinity":11,"s:53:2:53:Infinity":12,"s:63:23:108:1":13,"f:63:23:63:28":1,"b:63:55:63:64":2,"s:64:18:64:43":14,"s:66:2:107:Infinity":15,"b:67:4:71:Infinity:undefined:undefined:undefined:undefined":3,"s:67:4:71:Infinity":16,"s:68:6:68:Infinity":17,"s:70:6:70:Infinity":18,"s:73:4:106:Infinity":19,"b:76:6:78:Infinity:undefined:undefined:undefined:undefined":4,"s:76:6:78:Infinity":20,"s:77:8:77:Infinity":21,"b:81:6:83:Infinity:undefined:undefined:undefined:undefined":5,"s:81:6:83:Infinity":22,"b:81:10:81:24:81:28:81:58":6,"s:82:8:82:Infinity":23,"s:85:22:91:7":24,"s:93:6:95:Infinity":25,"s:97:6:105:Infinity":26,"s:98:8:98:Infinity":27,"s:100:8:102:Infinity":28,"s:104:8:104:Infinity":29}}}
,"/home/sentry0/repos/vmsnap/libs/serialization.js": {"path":"/home/sentry0/repos/vmsnap/libs/serialization.js","statementMap":{"0":{"start":{"line":10,"column":25},"end":{"line":10,"column":26}},"1":{"start":{"line":14,"column":35},"end":{"line":14,"column":36}},"2":{"start":{"line":17,"column":24},"end":{"line":20,"column":2}},"3":{"start":{"line":23,"column":31},"end":{"line":23,"column":32}},"4":{"start":{"line":37,"column":18},"end":{"line":102,"column":1}},"5":{"start":{"line":43,"column":15},"end":{"line":43,"column":17}},"6":{"start":{"line":45,"column":18},"end":{"line":45,"column":68}},"7":{"start":{"line":47,"column":20},"end":{"line":47,"column":22}},"8":{"start":{"line":49,"column":2},"end":{"line":99,"column":null}},"9":{"start":{"line":50,"column":24},"end":{"line":50,"column":53}},"10":{"start":{"line":52,"column":4},"end":{"line":52,"column":null}},"11":{"start":{"line":54,"column":4},"end":{"line":56,"column":null}},"12":{"start":{"line":55,"column":6},"end":{"line":55,"column":null}},"13":{"start":{"line":58,"column":20},"end":{"line":58,"column":45}},"14":{"start":{"line":60,"column":4},"end":{"line":60,"column":null}},"15":{"start":{"line":62,"column":19},"end":{"line":62,"column":21}},"16":{"start":{"line":64,"column":4},"end":{"line":80,"column":null}},"17":{"start":{"line":65,"column":6},"end":{"line":65,"column":null}},"18":{"start":{"line":67,"column":6},"end":{"line":67,"column":null}},"19":{"start":{"line":69,"column":6},"end":{"line":69,"column":null}},"20":{"start":{"line":71,"column":6},"end":{"line":71,"column":null}},"21":{"start":{"line":73,"column":6},"end":{"line":75,"column":null}},"22":{"start":{"line":74,"column":8},"end":{"line":74,"column":null}},"23":{"start":{"line":77,"column":6},"end":{"line":77,"column":null}},"24":{"start":{"line":79,"column":6},"end":{"line":79,"column":null}},"25":{"start":{"line":82,"column":4},"end":{"line":82,"column":null}},"26":{"start":{"line":84,"column":4},"end":{"line":94,"column":null}},"27":{"start":{"line":85,"column":6},"end":{"line":85,"column":null}},"28":{"start":{"line":87,"column":6},"end":{"line":93,"column":null}},"29":{"start":{"line":92,"column":8},"end":{"line":92,"column":null}},"30":{"start":{"line":96,"column":4},"end":{"line":96,"column":null}},"31":{"start":{"line":98,"column":4},"end":{"line":98,"column":null}},"32":{"start":{"line":101,"column":2},"end":{"line":101,"column":null}},"33":{"start":{"line":112,"column":20},"end":{"line":113,"column":35}},"34":{"start":{"line":113,"column":2},"end":{"line":113,"column":35}},"35":{"start":{"line":123,"column":23},"end":{"line":161,"column":1}},"36":{"start":{"line":124,"column":16},"end":{"line":129,"column":3}},"37":{"start":{"line":131,"column":18},"end":{"line":131,"column":75}},"38":{"start":{"line":133,"column":2},"end":{"line":133,"column":null}},"39":{"start":{"line":135,"column":24},"end":{"line":135,"column":53}},"40":{"start":{"line":137,"column":2},"end":{"line":155,"column":null}},"41":{"start":{"line":138,"column":24},"end":{"line":138,"column":68}},"42":{"start":{"line":142,"column":25},"end":{"line":142,"column":26}},"43":{"start":{"line":144,"column":4},"end":{"line":148,"column":null}},"44":{"start":{"line":145,"column":6},"end":{"line":145,"column":null}},"45":{"start":{"line":147,"column":6},"end":{"line":147,"column":null}},"46":{"start":{"line":150,"column":4},"end":{"line":150,"column":null}},"47":{"start":{"line":151,"column":4},"end":{"line":151,"column":null}},"48":{"start":{"line":152,"column":4},"end":{"line":152,"column":null}},"49":{"start":{"line":154,"column":4},"end":{"line":154,"column":null}},"50":{"start":{"line":157,"column":2},"end":{"line":160,"column":null}},"51":{"start":{"line":171,"column":25},"end":{"line":189,"column":1}},"52":{"start":{"line":172,"column":22},"end":{"line":172,"column":31}},"53":{"start":{"line":174,"column":22},"end":{"line":174,"column":38}},"54":{"start":{"line":176,"column":16},"end":{"line":176,"column":18}},"55":{"start":{"line":178,"column":2},"end":{"line":186,"column":null}},"56":{"start":{"line":179,"column":4},"end":{"line":179,"column":null}},"57":{"start":{"line":181,"column":4},"end":{"line":185,"column":null}},"58":{"start":{"line":182,"column":6},"end":{"line":182,"column":null}},"59":{"start":{"line":184,"column":6},"end":{"line":184,"column":null}},"60":{"start":{"line":188,"column":2},"end":{"line":188,"column":null}},"61":{"start":{"line":201,"column":24},"end":{"line":222,"column":1}},"62":{"start":{"line":202,"column":2},"end":{"line":204,"column":null}},"63":{"start":{"line":203,"column":4},"end":{"line":203,"column":null}},"64":{"start":{"line":210,"column":2},"end":{"line":221,"column":null}},"65":{"start":{"line":211,"column":4},"end":{"line":211,"column":null}},"66":{"start":{"line":213,"column":4},"end":{"line":213,"column":null}},"67":{"start":{"line":215,"column":4},"end":{"line":217,"column":null}},"68":{"start":{"line":216,"column":6},"end":{"line":216,"column":null}},"69":{"start":{"line":219,"column":4},"end":{"line":219,"column":null}},"70":{"start":{"line":220,"column":4},"end":{"line":220,"column":null}}},"fnMap":{"0":{"name":"(anonymous_0)","decl":{"start":{"line":37,"column":18},"end":{"line":37,"column":23}},"loc":{"start":{"line":42,"column":5},"end":{"line":102,"column":1}},"line":42},"1":{"name":"(anonymous_1)","decl":{"start":{"line":112,"column":20},"end":{"line":112,"column":21}},"loc":{"start":{"line":113,"column":2},"end":{"line":113,"column":35}},"line":113},"2":{"name":"(anonymous_2)","decl":{"start":{"line":123,"column":23},"end":{"line":123,"column":28}},"loc":{"start":{"line":123,"column":78},"end":{"line":161,"column":1}},"line":123},"3":{"name":"(anonymous_3)","decl":{"start":{"line":171,"column":25},"end":{"line":171,"column":26}},"loc":{"start":{"line":171,"column":35},"end":{"line":189,"column":1}},"line":171},"4":{"name":"(anonymous_4)","decl":{"start":{"line":201,"column":24},"end":{"line":201,"column":29}},"loc":{"start":{"line":201,"column":67},"end":{"line":222,"column":1}},"line":201}},"branchMap":{"0":{"loc":{"start":{"line":39,"column":2},"end":{"line":39,"column":18}},"type":"default-arg","locations":[{"start":{"line":39,"column":9},"end":{"line":39,"column":18}}],"line":39},"1":{"loc":{"start":{"line":40,"column":2},"end":{"line":40,"column":29}},"type":"default-arg","locations":[{"start":{"line":40,"column":12},"end":{"line":40,"column":29}}],"line":40},"2":{"loc":{"start":{"line":41,"column":2},"end":{"line":41,"column":16}},"type":"default-arg","locations":[{"start":{"line":41,"column":11},"end":{"line":41,"column":16}}],"line":41},"3":{"loc":{"start":{"line":84,"column":4},"end":{"line":94,"column":null}},"type":"if","locations":[{"start":{"line":84,"column":4},"end":{"line":94,"column":null}},{"start":{},"end":{}}],"line":84},"4":{"loc":{"start":{"line":84,"column":8},"end":{"line":84,"column":40}},"type":"binary-expr","locations":[{"start":{"line":84,"column":8},"end":{"line":84,"column":12}},{"start":{"line":84,"column":16},"end":{"line":84,"column":40}}],"line":84},"5":{"loc":{"start":{"line":87,"column":6},"end":{"line":93,"column":null}},"type":"if","locations":[{"start":{"line":87,"column":6},"end":{"line":93,"column":null}},{"start":{},"end":{}}],"line":87},"6":{"loc":{"start":{"line":88,"column":8},"end":{"line":90,"column":null}},"type":"binary-expr","locations":[{"start":{"line":88,"column":8},"end":{"line":88,"column":47}},{"start":{"line":89,"column":8},"end":{"line":90,"column":null}}],"line":88},"7":{"loc":{"start":{"line":112,"column":27},"end":{"line":112,"column":41}},"type":"default-arg","locations":[{"start":{"line":112,"column":36},"end":{"line":112,"column":41}}],"line":112},"8":{"loc":{"start":{"line":113,"column":2},"end":{"line":113,"column":35}},"type":"cond-expr","locations":[{"start":{"line":113,"column":10},"end":{"line":113,"column":28}},{"start":{"line":113,"column":31},"end":{"line":113,"column":35}}],"line":113},"9":{"loc":{"start":{"line":123,"column":59},"end":{"line":123,"column":73}},"type":"default-arg","locations":[{"start":{"line":123,"column":68},"end":{"line":123,"column":73}}],"line":123},"10":{"loc":{"start":{"line":137,"column":2},"end":{"line":155,"column":null}},"type":"if","locations":[{"start":{"line":137,"column":2},"end":{"line":155,"column":null}},{"start":{},"end":{}}],"line":137},"11":{"loc":{"start":{"line":137,"column":6},"end":{"line":137,"column":70}},"type":"binary-expr","locations":[{"start":{"line":137,"column":7},"end":{"line":137,"column":32}},{"start":{"line":137,"column":38},"end":{"line":137,"column":69}}],"line":137},"12":{"loc":{"start":{"line":181,"column":4},"end":{"line":185,"column":null}},"type":"if","locations":[{"start":{"line":181,"column":4},"end":{"line":185,"column":null}},{"start":{},"end":{}}],"line":181},"13":{"loc":{"start":{"line":201,"column":44},"end":{"line":201,"column":62}},"type":"default-arg","locations":[{"start":{"line":201,"column":61},"end":{"line":201,"column":62}}],"line":201},"14":{"loc":{"start":{"line":202,"column":2},"end":{"line":204,"column":null}},"type":"if","locations":[{"start":{"line":202,"column":2},"end":{"line":204,"column":null}},{"start":{},"end":{}}],"line":202},"15":{"loc":{"start":{"line":215,"column":4},"end":{"line":217,"column":null}},"type":"if","locations":[{"start":{"line":215,"column":4},"end":{"line":217,"column":null}},{"start":{},"end":{}}],"line":215}},"s":{"0":1,"1":1,"2":1,"3":1,"4":1,"5":9,"6":9,"7":9,"8":9,"9":9,"10":9,"11":9,"12":13,"13":9,"14":9,"15":9,"16":9,"17":8,"18":8,"19":8,"20":8,"21":8,"22":11,"23":8,"24":8,"25":9,"26":9,"27":3,"28":3,"29":2,"30":9,"31":9,"32":9,"33":1,"34":19,"35":1,"36":3,"37":3,"38":3,"39":3,"40":3,"41":2,"42":2,"43":2,"44":3,"45":3,"46":2,"47":2,"48":2,"49":2,"50":3,"51":1,"52":9,"53":9,"54":9,"55":9,"56":8,"57":8,"58":1,"59":1,"60":9,"61":1,"62":2,"63":0,"64":2,"65":2,"66":2,"67":2,"68":0,"69":2,"70":2},"f":{"0":9,"1":19,"2":3,"3":9,"4":2},"b":{"0":[9],"1":[9],"2":[9],"3":[3,6],"4":[9,3],"5":[2,1],"6":[3,3],"7":[19],"8":[2,17],"9":[3],"10":[2,1],"11":[3,2],"12":[1,7],"13":[2],"14":[0,2],"15":[0,2]},"meta":{"lastBranch":16,"lastFunction":5,"lastStatement":71,"seen":{"s:10:25:10:26":0,"s:14:35:14:36":1,"s:17:24:20:2":2,"s:23:31:23:32":3,"s:37:18:102:1":4,"f:37:18:37:23":0,"b:39:9:39:18":0,"b:40:12:40:29":1,"b:41:11:41:16":2,"s:43:15:43:17":5,"s:45:18:45:68":6,"s:47:20:47:22":7,"s:49:2:99:Infinity":8,"s:50:24:50:53":9,"s:52:4:52:Infinity":10,"s:54:4:56:Infinity":11,"s:55:6:55:Infinity":12,"s:58:20:58:45":13,"s:60:4:60:Infinity":14,"s:62:19:62:21":15,"s:64:4:80:Infinity":16,"s:65:6:65:Infinity":17,"s:67:6:67:Infinity":18,"s:69:6:69:Infinity":19,"s:71:6:71:Infinity":20,"s:73:6:75:Infinity":21,"s:74:8:74:Infinity":22,"s:77:6:77:Infinity":23,"s:79:6:79:Infinity":24,"s:82:4:82:Infinity":25,"b:84:4:94:Infinity:undefined:undefined:undefined:undefined":3,"s:84:4:94:Infinity":26,"b:84:8:84:12:84:16:84:40":4,"s:85:6:85:Infinity":27,"b:87:6:93:Infinity:undefined:undefined:undefined:undefined":5,"s:87:6:93:Infinity":28,"b:88:8:88:47:89:8:90:Infinity":6,"s:92:8:92:Infinity":29,"s:96:4:96:Infinity":30,"s:98:4:98:Infinity":31,"s:101:2:101:Infinity":32,"s:112:20:113:35":33,"f:112:20:112:21":1,"s:113:2:113:35":34,"b:112:36:112:41":7,"b:113:10:113:28:113:31:113:35":8,"s:123:23:161:1":35,"f:123:23:123:28":2,"b:123:68:123:73":9,"s:124:16:129:3":36,"s:131:18:131:75":37,"s:133:2:133:Infinity":38,"s:135:24:135:53":39,"b:137:2:155:Infinity:undefined:undefined:undefined:undefined":10,"s:137:2:155:Infinity":40,"b:137:7:137:32:137:38:137:69":11,"s:138:24:138:68":41,"s:142:25:142:26":42,"s:144:4:148:Infinity":43,"s:145:6:145:Infinity":44,"s:147:6:147:Infinity":45,"s:150:4:150:Infinity":46,"s:151:4:151:Infinity":47,"s:152:4:152:Infinity":48,"s:154:4:154:Infinity":49,"s:157:2:160:Infinity":50,"s:171:25:189:1":51,"f:171:25:171:26":3,"s:172:22:172:31":52,"s:174:22:174:38":53,"s:176:16:176:18":54,"s:178:2:186:Infinity":55,"s:179:4:179:Infinity":56,"b:181:4:185:Infinity:undefined:undefined:undefined:undefined":12,"s:181:4:185:Infinity":57,"s:182:6:182:Infinity":58,"s:184:6:184:Infinity":59,"s:188:2:188:Infinity":60,"s:201:24:222:1":61,"f:201:24:201:29":4,"b:201:61:201:62":13,"b:202:2:204:Infinity:undefined:undefined:undefined:undefined":14,"s:202:2:204:Infinity":62,"s:203:4:203:Infinity":63,"s:210:2:221:Infinity":64,"s:211:4:211:Infinity":65,"s:213:4:213:Infinity":66,"b:215:4:217:Infinity:undefined:undefined:undefined:undefined":15,"s:215:4:217:Infinity":67,"s:216:6:216:Infinity":68,"s:219:4:219:Infinity":69,"s:220:4:220:Infinity":70}}}
,"/home/sentry0/repos/vmsnap/libs/virsh.js": {"path":"/home/sentry0/repos/vmsnap/libs/virsh.js","statementMap":{"0":{"start":{"line":11,"column":21},"end":{"line":11,"column":28}},"1":{"start":{"line":13,"column":32},"end":{"line":13,"column":57}},"2":{"start":{"line":21,"column":21},"end":{"line":39,"column":1}},"3":{"start":{"line":24,"column":2},"end":{"line":28,"column":null}},"4":{"start":{"line":25,"column":4},"end":{"line":25,"column":null}},"5":{"start":{"line":27,"column":4},"end":{"line":27,"column":null}},"6":{"start":{"line":30,"column":18},"end":{"line":30,"column":45}},"7":{"start":{"line":32,"column":2},"end":{"line":38,"column":null}},"8":{"start":{"line":33,"column":4},"end":{"line":33,"column":null}},"9":{"start":{"line":35,"column":4},"end":{"line":35,"column":null}},"10":{"start":{"line":37,"column":4},"end":{"line":37,"column":null}},"11":{"start":{"line":46,"column":24},"end":{"line":56,"column":1}},"12":{"start":{"line":47,"column":18},"end":{"line":47,"column":52}},"13":{"start":{"line":49,"column":29},"end":{"line":49,"column":63}},"14":{"start":{"line":51,"column":2},"end":{"line":53,"column":null}},"15":{"start":{"line":52,"column":4},"end":{"line":52,"column":null}},"16":{"start":{"line":55,"column":2},"end":{"line":55,"column":null}},"17":{"start":{"line":55,"column":41},"end":{"line":55,"column":53}},"18":{"start":{"line":64,"column":24},"end":{"line":74,"column":1}},"19":{"start":{"line":65,"column":18},"end":{"line":65,"column":62}},"20":{"start":{"line":67,"column":29},"end":{"line":67,"column":63}},"21":{"start":{"line":69,"column":2},"end":{"line":71,"column":null}},"22":{"start":{"line":70,"column":4},"end":{"line":70,"column":null}},"23":{"start":{"line":73,"column":2},"end":{"line":73,"column":null}},"24":{"start":{"line":73,"column":41},"end":{"line":73,"column":56}},"25":{"start":{"line":81,"column":27},"end":{"line":116,"column":1}},"26":{"start":{"line":82,"column":22},"end":{"line":82,"column":51}},"27":{"start":{"line":84,"column":2},"end":{"line":86,"column":null}},"28":{"start":{"line":85,"column":4},"end":{"line":85,"column":null}},"29":{"start":{"line":88,"column":2},"end":{"line":115,"column":null}},"30":{"start":{"line":91,"column":4},"end":{"line":93,"column":5}},"31":{"start":{"line":92,"column":6},"end":{"line":92,"column":null}},"32":{"start":{"line":96,"column":4},"end":{"line":98,"column":null}},"33":{"start":{"line":97,"column":6},"end":{"line":97,"column":null}},"34":{"start":{"line":100,"column":20},"end":{"line":106,"column":5}},"35":{"start":{"line":108,"column":4},"end":{"line":108,"column":null}},"36":{"start":{"line":110,"column":23},"end":{"line":110,"column":57}},"37":{"start":{"line":112,"column":4},"end":{"line":114,"column":null}},"38":{"start":{"line":113,"column":6},"end":{"line":113,"column":null}},"39":{"start":{"line":124,"column":22},"end":{"line":145,"column":1}},"40":{"start":{"line":125,"column":19},"end":{"line":125,"column":28}},"41":{"start":{"line":127,"column":18},"end":{"line":127,"column":60}},"42":{"start":{"line":129,"column":29},"end":{"line":129,"column":63}},"43":{"start":{"line":131,"column":2},"end":{"line":133,"column":null}},"44":{"start":{"line":132,"column":4},"end":{"line":132,"column":null}},"45":{"start":{"line":135,"column":2},"end":{"line":142,"column":null}},"46":{"start":{"line":136,"column":18},"end":{"line":136,"column":61}},"47":{"start":{"line":136,"column":48},"end":{"line":136,"column":60}},"48":{"start":{"line":139,"column":4},"end":{"line":141,"column":null}},"49":{"start":{"line":140,"column":6},"end":{"line":140,"column":null}},"50":{"start":{"line":144,"column":2},"end":{"line":144,"column":null}}},"fnMap":{"0":{"name":"(anonymous_0)","decl":{"start":{"line":21,"column":21},"end":{"line":21,"column":26}},"loc":{"start":{"line":21,"column":39},"end":{"line":39,"column":1}},"line":21},"1":{"name":"(anonymous_1)","decl":{"start":{"line":46,"column":24},"end":{"line":46,"column":29}},"loc":{"start":{"line":46,"column":36},"end":{"line":56,"column":1}},"line":46},"2":{"name":"(anonymous_2)","decl":{"start":{"line":55,"column":34},"end":{"line":55,"column":35}},"loc":{"start":{"line":55,"column":41},"end":{"line":55,"column":53}},"line":55},"3":{"name":"(anonymous_3)","decl":{"start":{"line":64,"column":24},"end":{"line":64,"column":29}},"loc":{"start":{"line":64,"column":42},"end":{"line":74,"column":1}},"line":64},"4":{"name":"(anonymous_4)","decl":{"start":{"line":73,"column":34},"end":{"line":73,"column":35}},"loc":{"start":{"line":73,"column":41},"end":{"line":73,"column":56}},"line":73},"5":{"name":"(anonymous_5)","decl":{"start":{"line":81,"column":27},"end":{"line":81,"column":32}},"loc":{"start":{"line":81,"column":73},"end":{"line":116,"column":1}},"line":81},"6":{"name":"(anonymous_6)","decl":{"start":{"line":124,"column":22},"end":{"line":124,"column":27}},"loc":{"start":{"line":124,"column":40},"end":{"line":145,"column":1}},"line":124},"7":{"name":"(anonymous_7)","decl":{"start":{"line":136,"column":41},"end":{"line":136,"column":42}},"loc":{"start":{"line":136,"column":48},"end":{"line":136,"column":60}},"line":136}},"branchMap":{"0":{"loc":{"start":{"line":24,"column":2},"end":{"line":28,"column":null}},"type":"if","locations":[{"start":{"line":24,"column":2},"end":{"line":28,"column":null}},{"start":{},"end":{}}],"line":24},"1":{"loc":{"start":{"line":51,"column":2},"end":{"line":53,"column":null}},"type":"if","locations":[{"start":{"line":51,"column":2},"end":{"line":53,"column":null}},{"start":{},"end":{}}],"line":51},"2":{"loc":{"start":{"line":69,"column":2},"end":{"line":71,"column":null}},"type":"if","locations":[{"start":{"line":69,"column":2},"end":{"line":71,"column":null}},{"start":{},"end":{}}],"line":69},"3":{"loc":{"start":{"line":81,"column":42},"end":{"line":81,"column":68}},"type":"default-arg","locations":[{"start":{"line":81,"column":59},"end":{"line":81,"column":68}}],"line":81},"4":{"loc":{"start":{"line":84,"column":2},"end":{"line":86,"column":null}},"type":"if","locations":[{"start":{"line":84,"column":2},"end":{"line":86,"column":null}},{"start":{},"end":{}}],"line":84},"5":{"loc":{"start":{"line":91,"column":4},"end":{"line":93,"column":5}},"type":"if","locations":[{"start":{"line":91,"column":4},"end":{"line":93,"column":5}},{"start":{},"end":{}}],"line":91},"6":{"loc":{"start":{"line":96,"column":4},"end":{"line":98,"column":null}},"type":"if","locations":[{"start":{"line":96,"column":4},"end":{"line":98,"column":null}},{"start":{},"end":{}}],"line":96},"7":{"loc":{"start":{"line":96,"column":8},"end":{"line":96,"column":55}},"type":"binary-expr","locations":[{"start":{"line":96,"column":8},"end":{"line":96,"column":22}},{"start":{"line":96,"column":26},"end":{"line":96,"column":55}}],"line":96},"8":{"loc":{"start":{"line":112,"column":4},"end":{"line":114,"column":null}},"type":"if","locations":[{"start":{"line":112,"column":4},"end":{"line":114,"column":null}},{"start":{},"end":{}}],"line":112},"9":{"loc":{"start":{"line":131,"column":2},"end":{"line":133,"column":null}},"type":"if","locations":[{"start":{"line":131,"column":2},"end":{"line":133,"column":null}},{"start":{},"end":{}}],"line":131},"10":{"loc":{"start":{"line":139,"column":4},"end":{"line":141,"column":null}},"type":"if","locations":[{"start":{"line":139,"column":4},"end":{"line":141,"column":null}},{"start":{},"end":{}}],"line":139},"11":{"loc":{"start":{"line":139,"column":8},"end":{"line":139,"column":48}},"type":"binary-expr","locations":[{"start":{"line":139,"column":8},"end":{"line":139,"column":25}},{"start":{"line":139,"column":29},"end":{"line":139,"column":48}}],"line":139}},"s":{"0":2,"1":2,"2":2,"3":10,"4":1,"5":1,"6":9,"7":9,"8":9,"9":8,"10":1,"11":2,"12":4,"13":4,"14":4,"15":1,"16":3,"17":10,"18":2,"19":10,"20":10,"21":10,"22":1,"23":9,"24":20,"25":2,"26":6,"27":6,"28":1,"29":5,"30":10,"31":3,"32":7,"33":3,"34":4,"35":4,"36":4,"37":4,"38":1,"39":2,"40":6,"41":6,"42":6,"43":6,"44":1,"45":5,"46":15,"47":183,"48":15,"49":5,"50":5},"f":{"0":10,"1":4,"2":10,"3":10,"4":20,"5":6,"6":6,"7":183},"b":{"0":[1,9],"1":[1,3],"2":[1,9],"3":[6],"4":[1,5],"5":[3,7],"6":[3,4],"7":[7,4],"8":[1,3],"9":[1,5],"10":[5,10],"11":[15,8]},"meta":{"lastBranch":12,"lastFunction":8,"lastStatement":51,"seen":{"s:11:21:11:28":0,"s:13:32:13:57":1,"s:21:21:39:1":2,"f:21:21:21:26":0,"b:24:2:28:Infinity:undefined:undefined:undefined:undefined":0,"s:24:2:28:Infinity":3,"s:25:4:25:Infinity":4,"s:27:4:27:Infinity":5,"s:30:18:30:45":6,"s:32:2:38:Infinity":7,"s:33:4:33:Infinity":8,"s:35:4:35:Infinity":9,"s:37:4:37:Infinity":10,"s:46:24:56:1":11,"f:46:24:46:29":1,"s:47:18:47:52":12,"s:49:29:49:63":13,"b:51:2:53:Infinity:undefined:undefined:undefined:undefined":1,"s:51:2:53:Infinity":14,"s:52:4:52:Infinity":15,"s:55:2:55:Infinity":16,"f:55:34:55:35":2,"s:55:41:55:53":17,"s:64:24:74:1":18,"f:64:24:64:29":3,"s:65:18:65:62":19,"s:67:29:67:63":20,"b:69:2:71:Infinity:undefined:undefined:undefined:undefined":2,"s:69:2:71:Infinity":21,"s:70:4:70:Infinity":22,"s:73:2:73:Infinity":23,"f:73:34:73:35":4,"s:73:41:73:56":24,"s:81:27:116:1":25,"f:81:27:81:32":5,"b:81:59:81:68":3,"s:82:22:82:51":26,"b:84:2:86:Infinity:undefined:undefined:undefined:undefined":4,"s:84:2:86:Infinity":27,"s:85:4:85:Infinity":28,"s:88:2:115:Infinity":29,"b:91:4:93:5:undefined:undefined:undefined:undefined":5,"s:91:4:93:5":30,"s:92:6:92:Infinity":31,"b:96:4:98:Infinity:undefined:undefined:undefined:undefined":6,"s:96:4:98:Infinity":32,"b:96:8:96:22:96:26:96:55":7,"s:97:6:97:Infinity":33,"s:100:20:106:5":34,"s:108:4:108:Infinity":35,"s:110:23:110:57":36,"b:112:4:114:Infinity:undefined:undefined:undefined:undefined":8,"s:112:4:114:Infinity":37,"s:113:6:113:Infinity":38,"s:124:22:145:1":39,"f:124:22:124:27":6,"s:125:19:125:28":40,"s:127:18:127:60":41,"s:129:29:129:63":42,"b:131:2:133:Infinity:undefined:undefined:undefined:undefined":9,"s:131:2:133:Infinity":43,"s:132:4:132:Infinity":44,"s:135:2:142:Infinity":45,"s:136:18:136:61":46,"f:136:41:136:42":7,"s:136:48:136:60":47,"b:139:4:141:Infinity:undefined:undefined:undefined:undefined":10,"s:139:4:141:Infinity":48,"b:139:8:139:25:139:29:139:48":11,"s:140:6:140:Infinity":49,"s:144:2:144:Infinity":50}}}
,"/home/sentry0/repos/vmsnap/test/fixtures/sample-outputs.js": {"path":"/home/sentry0/repos/vmsnap/test/fixtures/sample-outputs.js","statementMap":{"0":{"start":{"line":4,"column":31},"end":{"line":8,"column":28}},"1":{"start":{"line":10,"column":36},"end":{"line":12,"column":11}},"2":{"start":{"line":14,"column":36},"end":{"line":18,"column":78}},"3":{"start":{"line":20,"column":41},"end":{"line":22,"column":18}},"4":{"start":{"line":24,"column":37},"end":{"line":27,"column":35}},"5":{"start":{"line":30,"column":33},"end":{"line":50,"column":1}},"6":{"start":{"line":52,"column":38},"end":{"line":64,"column":1}},"7":{"start":{"line":66,"column":36},"end":{"line":70,"column":1}},"8":{"start":{"line":72,"column":31},"end":{"line":76,"column":1}},"9":{"start":{"line":74,"column":21},"end":{"line":74,"column":26}},"10":{"start":{"line":75,"column":16},"end":{"line":75,"column":null}},"11":{"start":{"line":79,"column":33},"end":{"line":96,"column":1}},"12":{"start":{"line":99,"column":28},"end":{"line":118,"column":1}},"13":{"start":{"line":120,"column":40},"end":{"line":133,"column":1}},"14":{"start":{"line":135,"column":28},"end":{"line":146,"column":1}}},"fnMap":{"0":{"name":"(anonymous_0)","decl":{"start":{"line":74,"column":15},"end":{"line":74,"column":16}},"loc":{"start":{"line":74,"column":21},"end":{"line":74,"column":26}},"line":74},"1":{"name":"(anonymous_1)","decl":{"start":{"line":75,"column":10},"end":{"line":75,"column":11}},"loc":{"start":{"line":75,"column":16},"end":{"line":75,"column":null}},"line":75}},"branchMap":{},"s":{"0":1,"1":1,"2":1,"3":1,"4":1,"5":1,"6":1,"7":1,"8":1,"9":0,"10":0,"11":1,"12":1,"13":1,"14":1},"f":{"0":0,"1":0},"b":{},"meta":{"lastBranch":0,"lastFunction":2,"lastStatement":15,"seen":{"s:4:31:8:28":0,"s:10:36:12:11":1,"s:14:36:18:78":2,"s:20:41:22:18":3,"s:24:37:27:35":4,"s:30:33:50:1":5,"s:52:38:64:1":6,"s:66:36:70:1":7,"s:72:31:76:1":8,"f:74:15:74:16":0,"s:74:21:74:26":9,"f:75:10:75:11":1,"s:75:16:75:Infinity":10,"s:79:33:96:1":11,"s:99:28:118:1":12,"s:120:40:133:1":13,"s:135:28:146:1":14}}}
}
